[2022-12-10T14:59:54.276+05:00] [OJDL] [NOTIFICATION:16] [ODL-52001] [oracle.core.ojdl.FileLogWriter] [org: Oracle] [host: obdxprod-app1.mcb.com.pk] [nwaddr: 10.1.17.173] [tid: [ACTIVE].ExecuteThread: '361' for queue: 'weblogic.kernel.Default (self-tuning)'] [userId: obdx] deleting log file: obdx_jms-2199.log, size: 104849926 bytes
[2022-12-10T14:59:53.925+05:00] [OBDXManagedServer1] [TRACE] [] [000.com.ofss.digx.extxface.impl.endpoint.JMSEndpoint] [tid: [ACTIVE].ExecuteThread: '29' for queue: 'weblogic.kernel.Default (self-tuning)'] [userId: 03087560992] [ecid: 005vrPKqXUsE8T0pzwl3iW00010l0006b4,0:1] [APP: obdx.app.rest.idm] [partition-name: DOMAIN] [tenant-name: GLOBAL] [SRC_CLASS: com.ofss.digx.extxface.impl.endpoint.JMSEndpoint] [SRC_METHOD: processRequest]  [< 84-8714-7233-8332-8557 >] 	_Exiting from processRequest method of com.ofss.digx.extxface.impl.endpoint.JMSEndpoint
[2022-12-10T14:59:53.943+05:00] [OBDXManagedServer1] [TRACE] [] [000.com.ofss.digx.extxface.impl.endpoint.JMSEndpoint] [tid: [ACTIVE].ExecuteThread: '29' for queue: 'weblogic.kernel.Default (self-tuning)'] [userId: 03087560992] [ecid: 005vrPKqXUsE8T0pzwl3iW00010l0006b4,0:1] [APP: obdx.app.rest.idm] [partition-name: DOMAIN] [tenant-name: GLOBAL] [SRC_CLASS: com.ofss.digx.extxface.impl.endpoint.JMSEndpoint] [SRC_METHOD: processRequest]  [< 84-8714-7233-8332-8557 >] 	_Entered in processRequest method of JMSEndpoint :_InterfaceId = CASA_READ
[2022-12-10T14:59:53.943+05:00] [OBDXManagedServer1] [TRACE] [] [000.com.ofss.digx.extxface.impl.endpoint.JMSEndpoint] [tid: [ACTIVE].ExecuteThread: '29' for queue: 'weblogic.kernel.Default (self-tuning)'] [userId: 03087560992] [ecid: 005vrPKqXUsE8T0pzwl3iW00010l0006b4,0:1] [APP: obdx.app.rest.idm] [partition-name: DOMAIN] [tenant-name: GLOBAL] [SRC_CLASS: com.ofss.digx.extxface.impl.endpoint.JMSEndpoint] [SRC_METHOD: sendMessage]  [< 84-8714-7233-8332-8557 >] 	_Initialized JMSUtility configuration=[FCRJJMSUtility], Queue Connection Factory Name[ExtSystemSenderESBQCF], Queue Name[ExtSystemSenderESBQueue]
[2022-12-10T14:59:53.943+05:00] [OBDXManagedServer1] [TRACE] [] [000.com.ofss.digx.extxface.impl.endpoint.JMSEndpoint] [tid: [ACTIVE].ExecuteThread: '29' for queue: 'weblogic.kernel.Default (self-tuning)'] [userId: 03087560992] [ecid: 005vrPKqXUsE8T0pzwl3iW00010l0006b4,0:1] [APP: obdx.app.rest.idm] [partition-name: DOMAIN] [tenant-name: GLOBAL] [SRC_CLASS: com.ofss.digx.extxface.impl.endpoint.JMSEndpoint] [SRC_METHOD: sendMessage] [[
Sending request to jms queue.
Request:
<?xml version="1.0" encoding="UTF-8"?>
<DemandDepositeAccountReadRequest>
   <referenceNo>CH9325031123241231</referenceNo>
   <interfaceId>CASA_READ</interfaceId>
   <entity>OBDX_BU</entity>
   <headersMap/>
   <queryMap/>
   <accountId>1295273351007838</accountId>
</DemandDepositeAccountReadRequest>

]]
[2022-12-10T14:59:53.946+05:00] [OBDXManagedServer1] [TRACE] [] [000.com.ofss.digx.extxface.impl.endpoint.JMSEndpoint] [tid: [ACTIVE].ExecuteThread: '29' for queue: 'weblogic.kernel.Default (self-tuning)'] [userId: 03087560992] [ecid: 005vrPKqXUsE8T0pzwl3iW00010l0006b4,0:1] [APP: obdx.app.rest.idm] [partition-name: DOMAIN] [tenant-name: GLOBAL] [SRC_CLASS: com.ofss.digx.extxface.impl.endpoint.JMSEndpoint] [SRC_METHOD: processRequest] [[
Request sent on Queue successfully.
]]
[2022-12-10T14:59:53.946+05:00] [OBDXManagedServer1] [TRACE] [] [000.com.ofss.digx.extxface.impl.endpoint.JMSEndpoint] [tid: [ACTIVE].ExecuteThread: '29' for queue: 'weblogic.kernel.Default (self-tuning)'] [userId: 03087560992] [ecid: 005vrPKqXUsE8T0pzwl3iW00010l0006b4,0:1] [APP: obdx.app.rest.idm] [partition-name: DOMAIN] [tenant-name: GLOBAL] [SRC_CLASS: com.ofss.digx.extxface.impl.endpoint.JMSEndpoint] [SRC_METHOD: recieveMessage]  [< 84-8714-7233-8332-8557 >] 	_Initialized JMSUtility configuration=[FCRJJMSUtility], Queue Connection Factory Name[ExtSystemReceiverQCF], Queue Name[ExtSystemReceiverQueue]
[2022-12-10T14:59:53.947+05:00] [OBDXManagedServer1] [TRACE] [] [000.com.ofss.digx.extxface.impl.endpoint.JMSEndpoint] [tid: [ACTIVE].ExecuteThread: '192' for queue: 'weblogic.kernel.Default (self-tuning)'] [userId: RanaTariqIqbal] [ecid: 005vrPKvi6PE8T0pzwl3iW00010l0006bZ,0:1:36:1] [APP: obdx.app.rest.idm] [partition-name: DOMAIN] [tenant-name: GLOBAL] [SRC_CLASS: com.ofss.digx.extxface.impl.endpoint.JMSEndpoint] [SRC_METHOD: processRequest] [[
Response recieved from jms queue.
Response:
<PartyReadResponse xmlns:datatype="http://datatype.fc.ofss.com"><referenceNo>PI9325031234832938</referenceNo><result><externalReferenceId></externalReferenceId><status>SUCCESS</status><errorList><code></code><message></message></errorList><warningList><code></code><message></message></warningList></result><hasMore>false</hasMore><startSequence>0</startSequence><partyId>33302-0142992-9</partyId><personalInfo><salutation></salutation><gender>MAL</gender><firstName>TARIQ IQBAL</firstName><middleName>IQBAL</middleName><lastName></lastName><maritalStatus>MAR</maritalStatus><birthDate><datatype:dateString>19951225000000</datatype:dateString></birthDate><fullName>TARIQ IQBAL</fullName><partyType>IND</partyType><email></email><addressInfo><addressTypeDescription>POSTAL</addressTypeDescription><city></city><country>Pakistan</country><line1>CHAK NO. 719GB, P/O SAME, TEHSIL KAMALIA, TOBA TEK SINGH 923336932709</line1><line2></line2><line3></line3><line4></line4><line5></line5><line6></line6><line7></line7><line8></line8><line9></line9><line10></line10><line11></line11><line12></line12><state></state><zipCode></zipCode></addressInfo></personalInfo><contactInfo><contactType>WMO</contactType><phone><number>923336932709</number><extension></extension><areaCode></areaCode></phone><isEmailCommunicationAllowed>false</isEmailCommunicationAllowed><preferredModeOfCommunication>EML</preferredModeOfCommunication></contactInfo><totalRecords>1</totalRecords></PartyReadResponse>
]]
[2022-12-10T14:59:53.958+05:00] [OBDXManagedServer1] [TRACE] [] [000.com.ofss.digx.extxface.impl.endpoint.JMSEndpoint] [tid: [ACTIVE].ExecuteThread: '192' for queue: 'weblogic.kernel.Default (self-tuning)'] [userId: RanaTariqIqbal] [ecid: 005vrPKvi6PE8T0pzwl3iW00010l0006bZ,0:1:36:1] [APP: obdx.app.rest.idm] [partition-name: DOMAIN] [tenant-name: GLOBAL] [SRC_CLASS: com.ofss.digx.extxface.impl.endpoint.JMSEndpoint] [SRC_METHOD: processRequest]  [< 989-8714-7249-7015-5912 >] 	_Exiting from processRequest method of com.ofss.digx.extxface.impl.endpoint.JMSEndpoint
[2022-12-10T14:59:53.969+05:00] [OBDXManagedServer1] [TRACE] [] [000.com.ofss.digx.extxface.impl.endpoint.JMSEndpoint] [tid: [ACTIVE].ExecuteThread: '312' for queue: 'weblogic.kernel.Default (self-tuning)'] [userId: SyedZaheeruddin] [ecid: 005vrPKgDrME8T0pzwl3iW0002z50006HP,0:1] [APP: obdx.app.rest.idm] [partition-name: DOMAIN] [tenant-name: GLOBAL] [SRC_CLASS: com.ofss.digx.extxface.impl.endpoint.JMSEndpoint] [SRC_METHOD: processRequest]  [< 7848-8714-7249-9301-0564 >] 	_Entered in processRequest method of JMSEndpoint :_InterfaceId = READ_PARTY
[2022-12-10T14:59:53.969+05:00] [OBDXManagedServer1] [TRACE] [] [000.com.ofss.digx.extxface.impl.endpoint.JMSEndpoint] [tid: [ACTIVE].ExecuteThread: '312' for queue: 'weblogic.kernel.Default (self-tuning)'] [userId: SyedZaheeruddin] [ecid: 005vrPKgDrME8T0pzwl3iW0002z50006HP,0:1] [APP: obdx.app.rest.idm] [partition-name: DOMAIN] [tenant-name: GLOBAL] [SRC_CLASS: com.ofss.digx.extxface.impl.endpoint.JMSEndpoint] [SRC_METHOD: sendMessage]  [< 7848-8714-7249-9301-0564 >] 	_Initialized JMSUtility configuration=[FCRJJMSUtility], Queue Connection Factory Name[ExtSystemSenderESBQCF], Queue Name[ExtSystemSenderESBQueue]
[2022-12-10T14:59:53.969+05:00] [OBDXManagedServer1] [TRACE] [] [000.com.ofss.digx.extxface.impl.endpoint.JMSEndpoint] [tid: [ACTIVE].ExecuteThread: '312' for queue: 'weblogic.kernel.Default (self-tuning)'] [userId: SyedZaheeruddin] [ecid: 005vrPKgDrME8T0pzwl3iW0002z50006HP,0:1] [APP: obdx.app.rest.idm] [partition-name: DOMAIN] [tenant-name: GLOBAL] [SRC_CLASS: com.ofss.digx.extxface.impl.endpoint.JMSEndpoint] [SRC_METHOD: sendMessage] [[
Sending request to jms queue.
Request:
<?xml version="1.0" encoding="UTF-8"?>
<PartyReadRequest>
   <referenceNo>PI9325031235370555</referenceNo>
   <interfaceId>READ_PARTY</interfaceId>
   <entity>OBDX_BU</entity>
   <headersMap/>
   <queryMap/>
   <partyId>42201-0517100-7</partyId>
</PartyReadRequest>

]]
[2022-12-10T14:59:53.971+05:00] [OBDXManagedServer1] [TRACE] [] [000.com.ofss.digx.extxface.impl.endpoint.JMSEndpoint] [tid: [ACTIVE].ExecuteThread: '312' for queue: 'weblogic.kernel.Default (self-tuning)'] [userId: SyedZaheeruddin] [ecid: 005vrPKgDrME8T0pzwl3iW0002z50006HP,0:1] [APP: obdx.app.rest.idm] [partition-name: DOMAIN] [tenant-name: GLOBAL] [SRC_CLASS: com.ofss.digx.extxface.impl.endpoint.JMSEndpoint] [SRC_METHOD: processRequest] [[
Request sent on Queue successfully.
]]
[2022-12-10T14:59:53.971+05:00] [OBDXManagedServer1] [TRACE] [] [000.com.ofss.digx.extxface.impl.endpoint.JMSEndpoint] [tid: [ACTIVE].ExecuteThread: '312' for queue: 'weblogic.kernel.Default (self-tuning)'] [userId: SyedZaheeruddin] [ecid: 005vrPKgDrME8T0pzwl3iW0002z50006HP,0:1] [APP: obdx.app.rest.idm] [partition-name: DOMAIN] [tenant-name: GLOBAL] [SRC_CLASS: com.ofss.digx.extxface.impl.endpoint.JMSEndpoint] [SRC_METHOD: recieveMessage]  [< 7848-8714-7249-9301-0564 >] 	_Initialized JMSUtility configuration=[FCRJJMSUtility], Queue Connection Factory Name[ExtSystemReceiverQCF], Queue Name[ExtSystemReceiverQueue]
[2022-12-10T14:59:53.972+05:00] [OBDXManagedServer1] [TRACE] [] [000.com.ofss.digx.extxface.impl.endpoint.JMSEndpoint] [tid: [ACTIVE].ExecuteThread: '29' for queue: 'weblogic.kernel.Default (self-tuning)'] [userId: 03087560992] [ecid: 005vrPKqXUsE8T0pzwl3iW00010l0006b4,0:1] [APP: obdx.app.rest.idm] [partition-name: DOMAIN] [tenant-name: GLOBAL] [SRC_CLASS: com.ofss.digx.extxface.impl.endpoint.JMSEndpoint] [SRC_METHOD: processRequest] [[
Response recieved from jms queue.
Response:
<DemandDepositAccountReadResponse xmlns:datatype="http://datatype.fc.ofss.com"><referenceNo>CH9325031123241231</referenceNo><result><externalReferenceId></externalReferenceId><status>SUCCESS</status><errorList><code></code><message></message></errorList><warningList><code></code><message></message></warningList></result><hasMore>false</hasMore><startSequence>0</startSequence><account><partyId>38402-3291118-7</partyId><branchId>1535</branchId><accountId>1295273351007838</accountId><currency>PKR</currency><status>ACTIVE</status><availableBalance><amount>218833.06</amount><currency>PKR</currency></availableBalance><averageBalance><amount>218833.06</amount><currency>PKR</currency></averageBalance><currentBalance><amount>218833.06</amount><currency>PKR</currency></currentBalance><unclearFund><amount>0.00</amount><currency>PKR</currency></unclearFund><fundsAdvanceLimit><amount>0.00</amount><currency>PKR</currency></fundsAdvanceLimit><interestType></interestType><interestRate></interestRate><openingDate><datatype:dateString>20210311120300</datatype:dateString></openingDate><module>CON</module><accountDisplayName>SHAH ZAIB KHAN</accountDisplayName><productId>ONE</productId><accountType>ONE</accountType><isNomineeRegistered>false</isNomineeRegistered><hasSweepOutInstruction>false</hasSweepOutInstruction><sweepInAmount><amount>0</amount><currency>PKR</currency></sweepInAmount><hasChequeBookFacility>false</hasChequeBookFacility><dictionaryArray><nameValuePairArray><genericName>com.ofss.digx.cz.domain.dda.entity.CZDemandDepositAccount.iban</genericName><name>iban</name><value>PK77MUCB1295273351007838</value></nameValuePairArray><nameValuePairArray><genericName>com.ofss.digx.cz.domain.dda.entity.CZDemandDepositAccount.debitBlock</genericName><name>debitBlock</name><value>No</value></nameValuePairArray></dictionaryArray></account><accounts><holdingPattern>SINGLE</holdingPattern></accounts><totalRecords>1</totalRecords></DemandDepositAccountReadResponse>
]]
[2022-12-10T14:59:53.985+05:00] [OBDXManagedServer1] [TRACE] [] [000.com.ofss.digx.extxface.impl.endpoint.JMSEndpoint] [tid: [ACTIVE].ExecuteThread: '29' for queue: 'weblogic.kernel.Default (self-tuning)'] [userId: 03087560992] [ecid: 005vrPKqXUsE8T0pzwl3iW00010l0006b4,0:1] [APP: obdx.app.rest.idm] [partition-name: DOMAIN] [tenant-name: GLOBAL] [SRC_CLASS: com.ofss.digx.extxface.impl.endpoint.JMSEndpoint] [SRC_METHOD: processRequest]  [< 84-8714-7233-8332-8557 >] 	_Exiting from processRequest method of com.ofss.digx.extxface.impl.endpoint.JMSEndpoint
[2022-12-10T14:59:53.992+05:00] [OBDXManagedServer1] [TRACE] [] [000.com.ofss.digx.extxface.impl.endpoint.JMSEndpoint] [tid: [ACTIVE].ExecuteThread: '29' for queue: 'weblogic.kernel.Default (self-tuning)'] [userId: 03087560992] [ecid: 005vrPKqXUsE8T0pzwl3iW00010l0006b4,0:1] [APP: obdx.app.rest.idm] [partition-name: DOMAIN] [tenant-name: GLOBAL] [SRC_CLASS: com.ofss.digx.extxface.impl.endpoint.JMSEndpoint] [SRC_METHOD: processRequest]  [< 84-8714-7233-8332-8557 >] 	_Entered in processRequest method of JMSEndpoint :_InterfaceId = CASA_ACCOUNT_PARTIES
[2022-12-10T14:59:53.992+05:00] [OBDXManagedServer1] [TRACE] [] [000.com.ofss.digx.extxface.impl.endpoint.JMSEndpoint] [tid: [ACTIVE].ExecuteThread: '29' for queue: 'weblogic.kernel.Default (self-tuning)'] [userId: 03087560992] [ecid: 005vrPKqXUsE8T0pzwl3iW00010l0006b4,0:1] [APP: obdx.app.rest.idm] [partition-name: DOMAIN] [tenant-name: GLOBAL] [SRC_CLASS: com.ofss.digx.extxface.impl.endpoint.JMSEndpoint] [SRC_METHOD: sendMessage]  [< 84-8714-7233-8332-8557 >] 	_Initialized JMSUtility configuration=[FCRJJMSUtility], Queue Connection Factory Name[ExtSystemSenderESBQCF], Queue Name[ExtSystemSenderESBQueue]
[2022-12-10T14:59:53.992+05:00] [OBDXManagedServer1] [TRACE] [] [000.com.ofss.digx.extxface.impl.endpoint.JMSEndpoint] [tid: [ACTIVE].ExecuteThread: '29' for queue: 'weblogic.kernel.Default (self-tuning)'] [userId: 03087560992] [ecid: 005vrPKqXUsE8T0pzwl3iW00010l0006b4,0:1] [APP: obdx.app.rest.idm] [partition-name: DOMAIN] [tenant-name: GLOBAL] [SRC_CLASS: com.ofss.digx.extxface.impl.endpoint.JMSEndpoint] [SRC_METHOD: sendMessage] [[
Sending request to jms queue.
Request:
<?xml version="1.0" encoding="UTF-8"?>
<PartyToDemandDepositAccountRelationRequest>
   <referenceNo>PI9325031223598809</referenceNo>
   <interfaceId>CASA_ACCOUNT_PARTIES</interfaceId>
   <entity>OBDX_BU</entity>
   <headersMap/>
   <queryMap/>
   <accountType>CSA</accountType>
   <accountId>1295273351007838</accountId>
</PartyToDemandDepositAccountRelationRequest>

]]
[2022-12-10T14:59:53.994+05:00] [OBDXManagedServer1] [TRACE] [] [000.com.ofss.digx.extxface.impl.endpoint.JMSEndpoint] [tid: [ACTIVE].ExecuteThread: '29' for queue: 'weblogic.kernel.Default (self-tuning)'] [userId: 03087560992] [ecid: 005vrPKqXUsE8T0pzwl3iW00010l0006b4,0:1] [APP: obdx.app.rest.idm] [partition-name: DOMAIN] [tenant-name: GLOBAL] [SRC_CLASS: com.ofss.digx.extxface.impl.endpoint.JMSEndpoint] [SRC_METHOD: processRequest] [[
Request sent on Queue successfully.
]]
[2022-12-10T14:59:53.995+05:00] [OBDXManagedServer1] [TRACE] [] [000.com.ofss.digx.extxface.impl.endpoint.JMSEndpoint] [tid: [ACTIVE].ExecuteThread: '29' for queue: 'weblogic.kernel.Default (self-tuning)'] [userId: 03087560992] [ecid: 005vrPKqXUsE8T0pzwl3iW00010l0006b4,0:1] [APP: obdx.app.rest.idm] [partition-name: DOMAIN] [tenant-name: GLOBAL] [SRC_CLASS: com.ofss.digx.extxface.impl.endpoint.JMSEndpoint] [SRC_METHOD: recieveMessage]  [< 84-8714-7233-8332-8557 >] 	_Initialized JMSUtility configuration=[FCRJJMSUtility], Queue Connection Factory Name[ExtSystemReceiverQCF], Queue Name[ExtSystemReceiverQueue]