[2022-03-30T10:36:24.344+05:00] [OBDXManagedServer1] [TRACE] [] [000.com.ofss.digx.extxface.impl.endpoint.JMSEndpoint] [tid: [ACTIVE].ExecuteThread: '141' for queue: 'weblogic.kernel.Default (self-tuning)'] [userId: 03334545732] [ecid: 005qqZh292IE8T0pzwl3iW000D6l000z4u,0:1] [APP: obdx.app.rest.idm] [partition-name: DOMAIN] [tenant-name: GLOBAL] [SRC_CLASS: com.ofss.digx.extxface.impl.endpoint.JMSEndpoint] [SRC_METHOD: processRequest]  [< 408-9917-5689-9695-6593 >] 	_Exiting from processRequest method of com.ofss.digx.extxface.impl.endpoint.JMSEndpoint
[2022-03-30T10:36:24.352+05:00] [OBDXManagedServer1] [TRACE] [] [000.com.ofss.digx.extxface.impl.endpoint.JMSEndpoint] [tid: [ACTIVE].ExecuteThread: '141' for queue: 'weblogic.kernel.Default (self-tuning)'] [userId: 03334545732] [ecid: 005qqZh292IE8T0pzwl3iW000D6l000z4u,0:1] [APP: obdx.app.rest.idm] [partition-name: DOMAIN] [tenant-name: GLOBAL] [SRC_CLASS: com.ofss.digx.extxface.impl.endpoint.JMSEndpoint] [SRC_METHOD: processRequest]  [< 408-9917-5689-9695-6593 >] 	_Entered in processRequest method of JMSEndpoint :_InterfaceId = CATEGORY_LIST
[2022-03-30T10:36:24.352+05:00] [OBDXManagedServer1] [TRACE] [] [000.com.ofss.digx.extxface.impl.endpoint.JMSEndpoint] [tid: [ACTIVE].ExecuteThread: '141' for queue: 'weblogic.kernel.Default (self-tuning)'] [userId: 03334545732] [ecid: 005qqZh292IE8T0pzwl3iW000D6l000z4u,0:1] [APP: obdx.app.rest.idm] [partition-name: DOMAIN] [tenant-name: GLOBAL] [SRC_CLASS: com.ofss.digx.extxface.impl.endpoint.JMSEndpoint] [SRC_METHOD: sendMessage]  [< 408-9917-5689-9695-6593 >] 	_Initialized JMSUtility configuration=[FCRJJMSUtility], Queue Connection Factory Name[ExtSystemSenderESBQCF], Queue Name[ExtSystemSenderESBQueue]
[2022-03-30T10:36:24.352+05:00] [OBDXManagedServer1] [TRACE] [] [000.com.ofss.digx.extxface.impl.endpoint.JMSEndpoint] [tid: [ACTIVE].ExecuteThread: '141' for queue: 'weblogic.kernel.Default (self-tuning)'] [userId: 03334545732] [ecid: 005qqZh292IE8T0pzwl3iW000D6l000z4u,0:1] [APP: obdx.app.rest.idm] [partition-name: DOMAIN] [tenant-name: GLOBAL] [SRC_CLASS: com.ofss.digx.extxface.impl.endpoint.JMSEndpoint] [SRC_METHOD: sendMessage] [[
Sending request to jms queue.
Request:
<?xml version="1.0" encoding="UTF-8"?>
<CategoryListRequest>
   <referenceNo>BO1741477140629627</referenceNo>
   <interfaceId>CATEGORY_LIST</interfaceId>
   <entity>OBDX_BU</entity>
   <headersMap/>
   <queryMap/>
   <priority>0</priority>
</CategoryListRequest>
]]
[2022-03-30T10:36:24.353+05:00] [OBDXManagedServer1] [TRACE] [] [000.com.ofss.digx.extxface.impl.endpoint.JMSEndpoint] [tid: [ACTIVE].ExecuteThread: '87' for queue: 'weblogic.kernel.Default (self-tuning)'] [userId: Khalid453783] [ecid: 005qqZh2U32E8T0pzwl3iW000D6l000z4v,0:1] [APP: obdx.app.rest.idm] [partition-name: DOMAIN] [tenant-name: GLOBAL] [SRC_CLASS: com.ofss.digx.extxface.impl.endpoint.JMSEndpoint] [SRC_METHOD: processRequest]  [< 403-6917-5692-0342-2886 >] 	_Exiting from processRequest method of com.ofss.digx.extxface.impl.endpoint.JMSEndpoint
[2022-03-30T10:36:24.355+05:00] [OBDXManagedServer1] [TRACE] [] [000.com.ofss.digx.extxface.impl.endpoint.JMSEndpoint] [tid: [ACTIVE].ExecuteThread: '141' for queue: 'weblogic.kernel.Default (self-tuning)'] [userId: 03334545732] [ecid: 005qqZh292IE8T0pzwl3iW000D6l000z4u,0:1] [APP: obdx.app.rest.idm] [partition-name: DOMAIN] [tenant-name: GLOBAL] [SRC_CLASS: com.ofss.digx.extxface.impl.endpoint.JMSEndpoint] [SRC_METHOD: processRequest] [[
Request sent on Queue successfully.
]]
[2022-03-30T10:36:24.355+05:00] [OBDXManagedServer1] [TRACE] [] [000.com.ofss.digx.extxface.impl.endpoint.JMSEndpoint] [tid: [ACTIVE].ExecuteThread: '141' for queue: 'weblogic.kernel.Default (self-tuning)'] [userId: 03334545732] [ecid: 005qqZh292IE8T0pzwl3iW000D6l000z4u,0:1] [APP: obdx.app.rest.idm] [partition-name: DOMAIN] [tenant-name: GLOBAL] [SRC_CLASS: com.ofss.digx.extxface.impl.endpoint.JMSEndpoint] [SRC_METHOD: recieveMessage]  [< 408-9917-5689-9695-6593 >] 	_Initialized JMSUtility configuration=[FCRJJMSUtility], Queue Connection Factory Name[ExtSystemReceiverQCF], Queue Name[ExtSystemReceiverQueue]
[2022-03-30T10:36:24.364+05:00] [OBDXManagedServer1] [TRACE] [] [000.com.ofss.digx.extxface.impl.endpoint.JMSEndpoint] [tid: [ACTIVE].ExecuteThread: '87' for queue: 'weblogic.kernel.Default (self-tuning)'] [userId: Khalid453783] [ecid: 005qqZh2U32E8T0pzwl3iW000D6l000z4v,0:1] [APP: obdx.app.rest.idm] [partition-name: DOMAIN] [tenant-name: GLOBAL] [SRC_CLASS: com.ofss.digx.extxface.impl.endpoint.JMSEndpoint] [SRC_METHOD: processRequest]  [< 403-6917-5692-0342-2886 >] 	_Entered in processRequest method of JMSEndpoint :_InterfaceId = CASA_LIST
[2022-03-30T10:36:24.364+05:00] [OBDXManagedServer1] [TRACE] [] [000.com.ofss.digx.extxface.impl.endpoint.JMSEndpoint] [tid: [ACTIVE].ExecuteThread: '87' for queue: 'weblogic.kernel.Default (self-tuning)'] [userId: Khalid453783] [ecid: 005qqZh2U32E8T0pzwl3iW000D6l000z4v,0:1] [APP: obdx.app.rest.idm] [partition-name: DOMAIN] [tenant-name: GLOBAL] [SRC_CLASS: com.ofss.digx.extxface.impl.endpoint.JMSEndpoint] [SRC_METHOD: sendMessage]  [< 403-6917-5692-0342-2886 >] 	_Initialized JMSUtility configuration=[FCRJJMSUtility], Queue Connection Factory Name[ExtSystemSenderESBQCF], Queue Name[ExtSystemSenderESBQueue]
[2022-03-30T10:36:24.364+05:00] [OBDXManagedServer1] [TRACE] [] [000.com.ofss.digx.extxface.impl.endpoint.JMSEndpoint] [tid: [ACTIVE].ExecuteThread: '87' for queue: 'weblogic.kernel.Default (self-tuning)'] [userId: Khalid453783] [ecid: 005qqZh2U32E8T0pzwl3iW000D6l000z4v,0:1] [APP: obdx.app.rest.idm] [partition-name: DOMAIN] [tenant-name: GLOBAL] [SRC_CLASS: com.ofss.digx.extxface.impl.endpoint.JMSEndpoint] [SRC_METHOD: sendMessage] [[
Sending request to jms queue.
Request:
<?xml version="1.0" encoding="UTF-8"?>
<DemandDepositAccountListRequest>
   <referenceNo>CH1741477128308523</referenceNo>
   <interfaceId>CASA_LIST</interfaceId>
   <entity>OBDX_BU</entity>
   <headersMap/>
   <queryMap/>
   <accountList>0178019511003696</accountList>
   <accountList>0178019511005920</accountList>
   <status>ACTIVE</status>
   <module>CON</module>
</DemandDepositAccountListRequest>
]]
[2022-03-30T10:36:24.366+05:00] [OBDXManagedServer1] [TRACE] [] [000.com.ofss.digx.extxface.impl.endpoint.JMSEndpoint] [tid: [ACTIVE].ExecuteThread: '87' for queue: 'weblogic.kernel.Default (self-tuning)'] [userId: Khalid453783] [ecid: 005qqZh2U32E8T0pzwl3iW000D6l000z4v,0:1] [APP: obdx.app.rest.idm] [partition-name: DOMAIN] [tenant-name: GLOBAL] [SRC_CLASS: com.ofss.digx.extxface.impl.endpoint.JMSEndpoint] [SRC_METHOD: processRequest] [[
Request sent on Queue successfully.
]]
[2022-03-30T10:36:24.366+05:00] [OBDXManagedServer1] [TRACE] [] [000.com.ofss.digx.extxface.impl.endpoint.JMSEndpoint] [tid: [ACTIVE].ExecuteThread: '87' for queue: 'weblogic.kernel.Default (self-tuning)'] [userId: Khalid453783] [ecid: 005qqZh2U32E8T0pzwl3iW000D6l000z4v,0:1] [APP: obdx.app.rest.idm] [partition-name: DOMAIN] [tenant-name: GLOBAL] [SRC_CLASS: com.ofss.digx.extxface.impl.endpoint.JMSEndpoint] [SRC_METHOD: recieveMessage]  [< 403-6917-5692-0342-2886 >] 	_Initialized JMSUtility configuration=[FCRJJMSUtility], Queue Connection Factory Name[ExtSystemReceiverQCF], Queue Name[ExtSystemReceiverQueue]
[2022-03-30T10:36:24.375+05:00] [OBDXManagedServer1] [TRACE] [] [000.com.ofss.digx.extxface.impl.endpoint.JMSEndpoint] [tid: [ACTIVE].ExecuteThread: '141' for queue: 'weblogic.kernel.Default (self-tuning)'] [userId: 03334545732] [ecid: 005qqZh292IE8T0pzwl3iW000D6l000z4u,0:1] [APP: obdx.app.rest.idm] [partition-name: DOMAIN] [tenant-name: GLOBAL] [SRC_CLASS: com.ofss.digx.extxface.impl.endpoint.JMSEndpoint] [SRC_METHOD: processRequest] [[
Response recieved from jms queue.
Response:
<CategoryListResponse><referenceNo>BO1741477140629627</referenceNo><result><externalReferenceId></externalReferenceId><status>SUCCESS</status><errorList><code></code><message></message></errorList><warningList><code></code><message></message></warningList></result><hasMore>false</hasMore><startSequence>0</startSequence><categoryList><billerCount>1</billerCount><determinantValue></determinantValue><id>14</id><logo><displayValue></displayValue><value></value></logo><name>1 Bill</name><operationAreaId>101</operationAreaId><priority></priority><priorityUpdateFlag></priorityUpdateFlag></categoryList><categoryList><billerCount>2</billerCount><determinantValue></determinantValue><id>3</id><logo><displayValue></displayValue><value></value></logo><name>Education Fee</name><operationAreaId>101</operationAreaId><priority></priority><priorityUpdateFlag></priorityUpdateFlag></categoryList><categoryList><billerCount>3</billerCount><determinantValue></determinantValue><id>17</id><logo><displayValue></displayValue><value></value></logo><name>Fertilizer</name><operationAreaId>101</operationAreaId><priority></priority><priorityUpdateFlag></priorityUpdateFlag></categoryList><categoryList><billerCount>4</billerCount><determinantValue></determinantValue><id>8</id><logo><displayValue></displayValue><value></value></logo><name>Govt. Payments</name><operationAreaId>101</operationAreaId><priority></priority><priorityUpdateFlag></priorityUpdateFlag></categoryList><categoryList><billerCount>5</billerCount><determinantValue></determinantValue><id>20</id><logo><displayValue></displayValue><value></value></logo><name>Haball</name><operationAreaId>101</operationAreaId><priority></priority><priorityUpdateFlag></priorityUpdateFlag></categoryList><categoryList><billerCount>6</billerCount><determinantValue></determinantValue><id>21</id><logo><displayValue></displayValue><value></value></logo><name>Internet Bills</name><operationAreaId>101</operationAreaId><priority></priority><priorityUpdateFlag></priorityUpdateFlag></categoryList><categoryList><billerCount>7</billerCount><determinantValue></determinantValue><id>6</id><logo><displayValue></displayValue><value></value></logo><name>Investment</name><operationAreaId>101</operationAreaId><priority></priority><priorityUpdateFlag></priorityUpdateFlag></categoryList><categoryList><billerCount>8</billerCount><determinantValue></determinantValue><id>18</id><logo><displayValue></displayValue><value></value></logo><name>Kuickpay</name><operationAreaId>101</operationAreaId><priority></priority><priorityUpdateFlag></priorityUpdateFlag></categoryList><categoryList><billerCount>9</billerCount><determinantValue></determinantValue><id>22</id><logo><displayValue></displayValue><value></value></logo><name>Loan Payment</name><operationAreaId>101</operationAreaId><priority></priority><priorityUpdateFlag></priorityUpdateFlag></categoryList><categoryList><billerCount>10</billerCount><determinantValue></determinantValue><id>2</id><logo><displayValue></displayValue><value></value></logo><name>Online Payments</name><operationAreaId>101</operationAreaId><priority></priority><priorityUpdateFlag></priorityUpdateFlag></categoryList><categoryList><billerCount>11</billerCount><determinantValue></determinantValue><id>23</id><logo><displayValue></displayValue><value></value></logo><name>Others</name><operationAreaId>101</operationAreaId><priority></priority><priorityUpdateFlag></priorityUpdateFlag></categoryList><categoryList><billerCount>12</billerCount><determinantValue></determinantValue><id>19</id><logo><displayValue></displayValue><value></value></logo><name>PayPro</name><operationAreaId>101</operationAreaId><priority></priority><priorityUpdateFlag></priorityUpdateFlag></categoryList><categoryList><billerCount>13</billerCount><determinantValue></determinantValue><id>10</id><logo><displayValue></displayValue><value></value></logo><name>Property Payments</name><operationAreaId>101</operationAreaId><priority></priority><priorityUpdateFlag></priorityUpdateFlag></categoryList><categoryList><billerCount>14</billerCount><determinantValue></determinantValue><id>7</id><logo><displayValue></displayValue><value></value></logo><name>Telco</name><operationAreaId>101</operationAreaId><priority></priority><priorityUpdateFlag></priorityUpdateFlag></categoryList><categoryList><billerCount>15</billerCount><determinantValue></determinantValue><id>13</id><logo><displayValue></displayValue><value></value></logo><name>Utility</name><operationAreaId>101</operationAreaId><priority></priority><priorityUpdateFlag></priorityUpdateFlag></categoryList><totalRecords>15</totalRecords></CategoryListResponse>
]]
[2022-03-30T10:36:24.382+05:00] [OBDXManagedServer1] [TRACE] [] [000.com.ofss.digx.extxface.impl.endpoint.JMSEndpoint] [tid: [ACTIVE].ExecuteThread: '141' for queue: 'weblogic.kernel.Default (self-tuning)'] [userId: 03334545732] [ecid: 005qqZh292IE8T0pzwl3iW000D6l000z4u,0:1] [APP: obdx.app.rest.idm] [partition-name: DOMAIN] [tenant-name: GLOBAL] [SRC_CLASS: com.ofss.digx.extxface.impl.endpoint.JMSEndpoint] [SRC_METHOD: processRequest]  [< 408-9917-5689-9695-6593 >] 	_Exiting from processRequest method of com.ofss.digx.extxface.impl.endpoint.JMSEndpoint
[2022-03-30T10:36:24.395+05:00] [OBDXManagedServer1] [TRACE] [] [000.com.ofss.digx.extxface.impl.endpoint.JMSEndpoint] [tid: [ACTIVE].ExecuteThread: '87' for queue: 'weblogic.kernel.Default (self-tuning)'] [userId: Khalid453783] [ecid: 005qqZh2U32E8T0pzwl3iW000D6l000z4v,0:1] [APP: obdx.app.rest.idm] [partition-name: DOMAIN] [tenant-name: GLOBAL] [SRC_CLASS: com.ofss.digx.extxface.impl.endpoint.JMSEndpoint] [SRC_METHOD: processRequest] [[
Response recieved from jms queue.
Response:
<DemandDepositAccountListResponse xmlns:datatype="http://datatype.fc.ofss.com"><referenceNo>CH1741477128308523</referenceNo><result><externalReferenceId></externalReferenceId><status>SUCCESS</status><errorList><code></code><message></message></errorList><warningList><code></code><message></message></warningList></result><hasMore>false</hasMore><startSequence>0</startSequence><accounts><partyId>37101-1708964-7</partyId><branchId>0698</branchId><accountId>0178019511003696</accountId><currency>PKR</currency><status>ACTIVE</status><availableBalance><amount>487.44</amount><currency>PKR</currency></availableBalance><currentBalance><amount>487.44</amount><currency>PKR</currency></currentBalance><unclearFund><amount>0.00</amount><currency>PKR</currency></unclearFund><shadowClearing><amount>0.00</amount><currency>PKR</currency></shadowClearing><interestType>PLS</interestType><interestRate>8.25000000</interestRate><openingDate><datatype:dateString>20170802120800</datatype:dateString></openingDate><module>CON</module><accountDisplayName>KHALID PARVEZ</accountDisplayName><productId>PLS</productId><accountType>SAVING</accountType><holdingPattern>SINGLE</holdingPattern><isNomineeRegistered>false</isNomineeRegistered><hasSweepOutInstruction>false</hasSweepOutInstruction><sweepInAmount><amount>0</amount><currency>PKR</currency></sweepInAmount><hasChequeBookFacility>true</hasChequeBookFacility><dictionaryArray><nameValuePairArray><genericName>com.ofss.digx.cz.domain.dda.entity.CZDemandDepositAccount.iban</genericName><name>iban</name><value>PK93MUCB0178019511003696</value></nameValuePairArray><nameValuePairArray><genericName>com.ofss.digx.cz.domain.dda.entity.CZDemandDepositAccount.debitBlock</genericName><name>debitBlock</name><value>No</value></nameValuePairArray></dictionaryArray></accounts><accounts><partyId>37101-1708964-7</partyId><branchId>0698</branchId><accountId>0178019511005920</accountId><currency>PKR</currency><status>ACTIVE</status><availableBalance><amount>2261.00</amount><currency>PKR</currency></availableBalance><currentBalance><amount>2261.00</amount><currency>PKR</currency></currentBalance><unclearFund><amount>0.00</amount><currency>PKR</currency></unclearFund><shadowClearing><amount>0.00</amount><currency>PKR</currency></shadowClearing><interestType></interestType><interestRate></interestRate><openingDate><datatype:dateString>20211222121200</datatype:dateString></openingDate><module>CON</module><accountDisplayName>KHALID PARVEZ</accountDisplayName><productId>PCA</productId><accountType>CURRENT</accountType><holdingPattern>SINGLE</holdingPattern><isNomineeRegistered>false</isNomineeRegistered><hasSweepOutInstruction>false</hasSweepOutInstruction><sweepInAmount><amount>0</amount><currency>PKR</currency></sweepInAmount><hasChequeBookFacility>true</hasChequeBookFacility><dictionaryArray><nameValuePairArray><genericName>com.ofss.digx.cz.domain.dda.entity.CZDemandDepositAccount.iban</genericName><name>iban</name><value>PK88MUCB0178019511005920</value></nameValuePairArray><nameValuePairArray><genericName>com.ofss.digx.cz.domain.dda.entity.CZDemandDepositAccount.debitBlock</genericName><name>debitBlock</name><value>No</value></nameValuePairArray></dictionaryArray></accounts><totalRecords>2</totalRecords></DemandDepositAccountListResponse>
]]
[2022-03-30T10:36:24.397+05:00] [OBDXManagedServer1] [TRACE] [] [000.com.ofss.digx.extxface.impl.endpoint.JMSEndpoint] [tid: [ACTIVE].ExecuteThread: '33' for queue: 'weblogic.kernel.Default (self-tuning)'] [userId: muhammadramzan6868] [ecid: 005qqZh2XzkE8T0pzwl3iW0003dk0003qU,0:1] [APP: obdx.app.rest.idm] [partition-name: DOMAIN] [tenant-name: GLOBAL] [SRC_CLASS: com.ofss.digx.extxface.impl.endpoint.JMSEndpoint] [SRC_METHOD: processRequest]  [< 14-6917-5692-9253-0711 >] 	_Entered in processRequest method of JMSEndpoint :_InterfaceId = READ_PARTY
[2022-03-30T10:36:24.397+05:00] [OBDXManagedServer1] [TRACE] [] [000.com.ofss.digx.extxface.impl.endpoint.JMSEndpoint] [tid: [ACTIVE].ExecuteThread: '33' for queue: 'weblogic.kernel.Default (self-tuning)'] [userId: muhammadramzan6868] [ecid: 005qqZh2XzkE8T0pzwl3iW0003dk0003qU,0:1] [APP: obdx.app.rest.idm] [partition-name: DOMAIN] [tenant-name: GLOBAL] [SRC_CLASS: com.ofss.digx.extxface.impl.endpoint.JMSEndpoint] [SRC_METHOD: sendMessage]  [< 14-6917-5692-9253-0711 >] 	_Initialized JMSUtility configuration=[FCRJJMSUtility], Queue Connection Factory Name[ExtSystemSenderESBQCF], Queue Name[ExtSystemSenderESBQueue]
[2022-03-30T10:36:24.397+05:00] [OBDXManagedServer1] [TRACE] [] [000.com.ofss.digx.extxface.impl.endpoint.JMSEndpoint] [tid: [ACTIVE].ExecuteThread: '33' for queue: 'weblogic.kernel.Default (self-tuning)'] [userId: muhammadramzan6868] [ecid: 005qqZh2XzkE8T0pzwl3iW0003dk0003qU,0:1] [APP: obdx.app.rest.idm] [partition-name: DOMAIN] [tenant-name: GLOBAL] [SRC_CLASS: com.ofss.digx.extxface.impl.endpoint.JMSEndpoint] [SRC_METHOD: sendMessage] [[
Sending request to jms queue.
Request:
<?xml version="1.0" encoding="UTF-8"?>
<PartyReadRequest>
   <referenceNo>PI1741476144373071</referenceNo>
   <interfaceId>READ_PARTY</interfaceId>
   <entity>OBDX_BU</entity>
   <headersMap/>
   <queryMap/>
   <partyId>35501-0102196-7</partyId>
</PartyReadRequest>
]]
[2022-03-30T10:36:24.400+05:00] [OBDXManagedServer1] [TRACE] [] [000.com.ofss.digx.extxface.impl.endpoint.JMSEndpoint] [tid: [ACTIVE].ExecuteThread: '33' for queue: 'weblogic.kernel.Default (self-tuning)'] [userId: muhammadramzan6868] [ecid: 005qqZh2XzkE8T0pzwl3iW0003dk0003qU,0:1] [APP: obdx.app.rest.idm] [partition-name: DOMAIN] [tenant-name: GLOBAL] [SRC_CLASS: com.ofss.digx.extxface.impl.endpoint.JMSEndpoint] [SRC_METHOD: processRequest] [[
Request sent on Queue successfully.
]]
[2022-03-30T10:36:24.400+05:00] [OBDXManagedServer1] [TRACE] [] [000.com.ofss.digx.extxface.impl.endpoint.JMSEndpoint] [tid: [ACTIVE].ExecuteThread: '33' for queue: 'weblogic.kernel.Default (self-tuning)'] [userId: muhammadramzan6868] [ecid: 005qqZh2XzkE8T0pzwl3iW0003dk0003qU,0:1] [APP: obdx.app.rest.idm] [partition-name: DOMAIN] [tenant-name: GLOBAL] [SRC_CLASS: com.ofss.digx.extxface.impl.endpoint.JMSEndpoint] [SRC_METHOD: recieveMessage]  [< 14-6917-5692-9253-0711 >] 	_Initialized JMSUtility configuration=[FCRJJMSUtility], Queue Connection Factory Name[ExtSystemReceiverQCF], Queue Name[ExtSystemReceiverQueue]
[2022-03-30T10:36:24.407+05:00] [OBDXManagedServer1] [TRACE] [] [000.com.ofss.digx.extxface.impl.endpoint.JMSEndpoint] [tid: [ACTIVE].ExecuteThread: '87' for queue: 'weblogic.kernel.Default (self-tuning)'] [userId: Khalid453783] [ecid: 005qqZh2U32E8T0pzwl3iW000D6l000z4v,0:1] [APP: obdx.app.rest.idm] [partition-name: DOMAIN] [tenant-name: GLOBAL] [SRC_CLASS: com.ofss.digx.extxface.impl.endpoint.JMSEndpoint] [SRC_METHOD: processRequest]  [< 403-6917-5692-0342-2886 >] 	_Exiting from processRequest method of com.ofss.digx.extxface.impl.endpoint.JMSEndpoint
[2022-03-30T10:36:24.417+05:00] [OBDXManagedServer1] [TRACE] [] [000.com.ofss.digx.extxface.impl.endpoint.JMSEndpoint] [tid: [ACTIVE].ExecuteThread: '87' for queue: 'weblogic.kernel.Default (self-tuning)'] [userId: Khalid453783] [ecid: 005qqZh2U32E8T0pzwl3iW000D6l000z4v,0:1] [APP: obdx.app.rest.idm] [partition-name: DOMAIN] [tenant-name: GLOBAL] [SRC_CLASS: com.ofss.digx.extxface.impl.endpoint.JMSEndpoint] [SRC_METHOD: processRequest]  [< 403-6917-5692-0342-2886 >] 	_Entered in processRequest method of JMSEndpoint :_InterfaceId = PARTY_TD_ACCOUNTS_LIST
[2022-03-30T10:36:24.417+05:00] [OBDXManagedServer1] [TRACE] [] [000.com.ofss.digx.extxface.impl.endpoint.JMSEndpoint] [tid: [ACTIVE].ExecuteThread: '87' for queue: 'weblogic.kernel.Default (self-tuning)'] [userId: Khalid453783] [ecid: 005qqZh2U32E8T0pzwl3iW000D6l000z4v,0:1] [APP: obdx.app.rest.idm] [partition-name: DOMAIN] [tenant-name: GLOBAL] [SRC_CLASS: com.ofss.digx.extxface.impl.endpoint.JMSEndpoint] [SRC_METHOD: sendMessage]  [< 403-6917-5692-0342-2886 >] 	_Initialized JMSUtility configuration=[FCRJJMSUtility], Queue Connection Factory Name[ExtSystemSenderESBQCF], Queue Name[ExtSystemSenderESBQueue]
[2022-03-30T10:36:24.417+05:00] [OBDXManagedServer1] [TRACE] [] [000.com.ofss.digx.extxface.impl.endpoint.JMSEndpoint] [tid: [ACTIVE].ExecuteThread: '87' for queue: 'weblogic.kernel.Default (self-tuning)'] [userId: Khalid453783] [ecid: 005qqZh2U32E8T0pzwl3iW000D6l000z4v,0:1] [APP: obdx.app.rest.idm] [partition-name: DOMAIN] [tenant-name: GLOBAL] [SRC_CLASS: com.ofss.digx.extxface.impl.endpoint.JMSEndpoint] [SRC_METHOD: sendMessage] [[
Sending request to jms queue.
Request:
<?xml version="1.0" encoding="UTF-8"?>
<PartyToTermDepositAccountRelationRequest>
   <referenceNo>PI174147733875326</referenceNo>
   <interfaceId>PARTY_TD_ACCOUNTS_LIST</interfaceId>
   <entity>OBDX_BU</entity>
   <headersMap/>
   <queryMap/>
   <partyId>37101-1708964-7</partyId>
   <accountType>TRD</accountType>
</PartyToTermDepositAccountRelationRequest>
]]
[2022-03-30T10:36:24.417+05:00] [OBDXManagedServer1] [TRACE] [] [000.com.ofss.digx.extxface.impl.endpoint.JMSEndpoint] [tid: [ACTIVE].ExecuteThread: '33' for queue: 'weblogic.kernel.Default (self-tuning)'] [userId: muhammadramzan6868] [ecid: 005qqZh2XzkE8T0pzwl3iW0003dk0003qU,0:1] [APP: obdx.app.rest.idm] [partition-name: DOMAIN] [tenant-name: GLOBAL] [SRC_CLASS: com.ofss.digx.extxface.impl.endpoint.JMSEndpoint] [SRC_METHOD: processRequest] [[
Response recieved from jms queue.
Response:
<PartyReadResponse xmlns:datatype="http://datatype.fc.ofss.com"><referenceNo>PI1741476144373071</referenceNo><result><externalReferenceId></externalReferenceId><status>SUCCESS</status><errorList><code></code><message></message></errorList><warningList><code></code><message></message></warningList></result><hasMore>false</hasMore><startSequence>0</startSequence><partyId>35501-0102196-7</partyId><personalInfo><salutation></salutation><gender>MAL</gender><firstName>MUHAMMAD RAMZAN</firstName><middleName></middleName><lastName></lastName><maritalStatus>MAR</maritalStatus><birthDate><datatype:dateString>19680101000000</datatype:dateString></birthDate><fullName>MUHAMMAD RAMZAN</fullName><partyType>IND</partyType><email></email><addressInfo><addressTypeDescription>POSTAL</addressTypeDescription><city></city><country>Pakistan</country><line1>MUHAMMAD RAMZAN                    SO NIAMAT ALI,SHAHDI               KOT PO NANKANA SAHIB TEH AND       DISTT NANKANA SAHIB 923004387104</line1><line2></line2><line3></line3><line4></line4><line5></line5><line6></line6><line7></line7><line8></line8><line9></line9><line10></line10><line11></line11><line12></line12><state></state><zipCode></zipCode></addressInfo></personalInfo><contactInfo><contactType>WMO</contactType><phone><number>923004387104</number><extension></extension><areaCode></areaCode></phone><isEmailCommunicationAllowed>false</isEmailCommunicationAllowed><preferredModeOfCommunication>EML</preferredModeOfCommunication></contactInfo><totalRecords>1</totalRecords></PartyReadResponse>
]]
[2022-03-30T10:36:24.419+05:00] [OBDXManagedServer1] [TRACE] [] [000.com.ofss.digx.extxface.impl.endpoint.JMSEndpoint] [tid: [ACTIVE].ExecuteThread: '87' for queue: 'weblogic.kernel.Default (self-tuning)'] [userId: Khalid453783] [ecid: 005qqZh2U32E8T0pzwl3iW000D6l000z4v,0:1] [APP: obdx.app.rest.idm] [partition-name: DOMAIN] [tenant-name: GLOBAL] [SRC_CLASS: com.ofss.digx.extxface.impl.endpoint.JMSEndpoint] [SRC_METHOD: processRequest] [[
Request sent on Queue successfully.
]]
[2022-03-30T10:36:24.419+05:00] [OBDXManagedServer1] [TRACE] [] [000.com.ofss.digx.extxface.impl.endpoint.JMSEndpoint] [tid: [ACTIVE].ExecuteThread: '87' for queue: 'weblogic.kernel.Default (self-tuning)'] [userId: Khalid453783] [ecid: 005qqZh2U32E8T0pzwl3iW000D6l000z4v,0:1] [APP: obdx.app.rest.idm] [partition-name: DOMAIN] [tenant-name: GLOBAL] [SRC_CLASS: com.ofss.digx.extxface.impl.endpoint.JMSEndpoint] [SRC_METHOD: recieveMessage]  [< 403-6917-5692-0342-2886 >] 	_Initialized JMSUtility configuration=[FCRJJMSUtility], Queue Connection Factory Name[ExtSystemReceiverQCF], Queue Name[ExtSystemReceiverQueue]
[2022-03-30T10:36:24.427+05:00] [OBDXManagedServer1] [TRACE] [] [000.com.ofss.digx.extxface.impl.endpoint.JMSEndpoint] [tid: [ACTIVE].ExecuteThread: '33' for queue: 'weblogic.kernel.Default (self-tuning)'] [userId: muhammadramzan6868] [ecid: 005qqZh2XzkE8T0pzwl3iW0003dk0003qU,0:1] [APP: obdx.app.rest.idm] [partition-name: DOMAIN] [tenant-name: GLOBAL] [SRC_CLASS: com.ofss.digx.extxface.impl.endpoint.JMSEndpoint] [SRC_METHOD: processRequest]  [< 14-6917-5692-9253-0711 >] 	_Exiting from processRequest method of com.ofss.digx.extxface.impl.endpoint.JMSEndpoint
[2022-03-30T10:36:24.433+05:00] [OBDXManagedServer1] [TRACE] [] [000.com.ofss.digx.extxface.impl.endpoint.JMSEndpoint] [tid: [ACTIVE].ExecuteThread: '107' for queue: 'weblogic.kernel.Default (self-tuning)'] [userId: Khalid453783] [ecid: 005qqZh2VI4E8T0pzwl3iW0003eV0005Xc,0:1] [APP: obdx.app.rest.idm] [partition-name: DOMAIN] [tenant-name: GLOBAL] [SRC_CLASS: com.ofss.digx.extxface.impl.endpoint.JMSEndpoint] [SRC_METHOD: processRequest] [[
Response recieved from jms queue.
Response:
<AccountListResponse><referenceNo>PI1741477157072882</referenceNo><result><externalReferenceId></externalReferenceId><status>FAILURE</status><errorList><code>EP</code><message>invalid Input Param: CifNo</message></errorList><warningList><code></code><message></message></warningList></result><hasMore>false</hasMore><startSequence>0</startSequence></AccountListResponse>
]]
[2022-03-30T10:36:24.440+05:00] [OBDXManagedServer1] [TRACE] [] [000.com.ofss.digx.extxface.impl.endpoint.JMSEndpoint] [tid: [ACTIVE].ExecuteThread: '87' for queue: 'weblogic.kernel.Default (self-tuning)'] [userId: Khalid453783] [ecid: 005qqZh2U32E8T0pzwl3iW000D6l000z4v,0:1] [APP: obdx.app.rest.idm] [partition-name: DOMAIN] [tenant-name: GLOBAL] [SRC_CLASS: com.ofss.digx.extxface.impl.endpoint.JMSEndpoint] [SRC_METHOD: processRequest] [[
Response recieved from jms queue.
Response:
<AccountListResponse xmlns:datatype="http://datatype.fc.ofss.com"><referenceNo>PI174147733875326</referenceNo><result><externalReferenceId></externalReferenceId><status>SUCCESS</status><errorList><code></code><message></message></errorList><warningList><code></code><message></message></warningList></result><hasMore>false</hasMore><startSequence>0</startSequence><totalRecords>0</totalRecords></AccountListResponse>
]]
[2022-03-30T10:36:24.441+05:00] [OBDXManagedServer1] [TRACE] [] [000.com.ofss.digx.extxface.impl.endpoint.JMSEndpoint] [tid: [ACTIVE].ExecuteThread: '107' for queue: 'weblogic.kernel.Default (self-tuning)'] [userId: Khalid453783] [ecid: 005qqZh2VI4E8T0pzwl3iW0003eV0005Xc,0:1] [APP: obdx.app.rest.idm] [partition-name: DOMAIN] [tenant-name: GLOBAL] [SRC_CLASS: com.ofss.digx.extxface.impl.endpoint.JMSEndpoint] [SRC_METHOD: processRequest]  [< 405-5917-5692-1244-9227 >] 	_Exiting from processRequest method of com.ofss.digx.extxface.impl.endpoint.JMSEndpoint
[2022-03-30T10:36:24.447+05:00] [OBDXManagedServer1] [TRACE] [] [000.com.ofss.digx.extxface.impl.endpoint.JMSEndpoint] [tid: [ACTIVE].ExecuteThread: '87' for queue: 'weblogic.kernel.Default (self-tuning)'] [userId: Khalid453783] [ecid: 005qqZh2U32E8T0pzwl3iW000D6l000z4v,0:1] [APP: obdx.app.rest.idm] [partition-name: DOMAIN] [tenant-name: GLOBAL] [SRC_CLASS: com.ofss.digx.extxface.impl.endpoint.JMSEndpoint] [SRC_METHOD: processRequest]  [< 403-6917-5692-0342-2886 >] 	_Exiting from processRequest method of com.ofss.digx.extxface.impl.endpoint.JMSEndpoint
[2022-03-30T10:36:24.678+05:00] [OBDXManagedServer1] [TRACE] [] [000.com.ofss.digx.extxface.impl.endpoint.JMSEndpoint] [tid: [ACTIVE].ExecuteThread: '107' for queue: 'weblogic.kernel.Default (self-tuning)'] [userId: Shaista07] [ecid: 005qqZh51RDE8T0pzwl3iW000D6l000z5P,0:1] [APP: obdx.app.rest.idm] [partition-name: DOMAIN] [tenant-name: GLOBAL] [SRC_CLASS: com.ofss.digx.extxface.impl.endpoint.JMSEndpoint] [SRC_METHOD: processRequest]  [< 405-5917-5695-4020-7121 >] 	_Entered in processRequest method of JMSEndpoint :_InterfaceId = EBILLER_LIST
[2022-03-30T10:36:24.678+05:00] [OBDXManagedServer1] [TRACE] [] [000.com.ofss.digx.extxface.impl.endpoint.JMSEndpoint] [tid: [ACTIVE].ExecuteThread: '107' for queue: 'weblogic.kernel.Default (self-tuning)'] [userId: Shaista07] [ecid: 005qqZh51RDE8T0pzwl3iW000D6l000z5P,0:1] [APP: obdx.app.rest.idm] [partition-name: DOMAIN] [tenant-name: GLOBAL] [SRC_CLASS: com.ofss.digx.extxface.impl.endpoint.JMSEndpoint] [SRC_METHOD: sendMessage]  [< 405-5917-5695-4020-7121 >] 	_Initialized JMSUtility configuration=[FCRJJMSUtility], Queue Connection Factory Name[ExtSystemSenderESBQCF], Queue Name[ExtSystemSenderESBQueue]
[2022-03-30T10:36:24.678+05:00] [OBDXManagedServer1] [TRACE] [] [000.com.ofss.digx.extxface.impl.endpoint.JMSEndpoint] [tid: [ACTIVE].ExecuteThread: '107' for queue: 'weblogic.kernel.Default (self-tuning)'] [userId: Shaista07] [ecid: 005qqZh51RDE8T0pzwl3iW000D6l000z5P,0:1] [APP: obdx.app.rest.idm] [partition-name: DOMAIN] [tenant-name: GLOBAL] [SRC_CLASS: com.ofss.digx.extxface.impl.endpoint.JMSEndpoint] [SRC_METHOD: sendMessage] [[
Sending request to jms queue.
Request:
<?xml version="1.0" encoding="UTF-8"?>
<EBillerListRequest>
   <referenceNo>BO1741477181966769</referenceNo>
   <interfaceId>EBILLER_LIST</interfaceId>
   <entity>OBDX_BU</entity>
   <headersMap/>
   <queryMap/>
   <areaCategoryDetails>
      <operationAreaId>101</operationAreaId>
      <categoryId>14</categoryId>
   </areaCategoryDetails>
   <paymentOptions>
      <autoPay>true</autoPay>
   </paymentOptions>
</EBillerListRequest>
]]
[2022-03-30T10:36:24.681+05:00] [OBDXManagedServer1] [TRACE] [] [000.com.ofss.digx.extxface.impl.endpoint.JMSEndpoint] [tid: [ACTIVE].ExecuteThread: '107' for queue: 'weblogic.kernel.Default (self-tuning)'] [userId: Shaista07] [ecid: 005qqZh51RDE8T0pzwl3iW000D6l000z5P,0:1] [APP: obdx.app.rest.idm] [partition-name: DOMAIN] [tenant-name: GLOBAL] [SRC_CLASS: com.ofss.digx.extxface.impl.endpoint.JMSEndpoint] [SRC_METHOD: processRequest] [[
Request sent on Queue successfully.
]]
[2022-03-30T10:36:24.681+05:00] [OBDXManagedServer1] [TRACE] [] [000.com.ofss.digx.extxface.impl.endpoint.JMSEndpoint] [tid: [ACTIVE].ExecuteThread: '107' for queue: 'weblogic.kernel.Default (self-tuning)'] [userId: Shaista07] [ecid: 005qqZh51RDE8T0pzwl3iW000D6l000z5P,0:1] [APP: obdx.app.rest.idm] [partition-name: DOMAIN] [tenant-name: GLOBAL] [SRC_CLASS: com.ofss.digx.extxface.impl.endpoint.JMSEndpoint] [SRC_METHOD: recieveMessage]  [< 405-5917-5695-4020-7121 >] 	_Initialized JMSUtility configuration=[FCRJJMSUtility], Queue Connection Factory Name[ExtSystemReceiverQCF], Queue Name[ExtSystemReceiverQueue]
[2022-03-30T10:36:24.717+05:00] [OBDXManagedServer1] [TRACE] [] [000.com.ofss.digx.extxface.impl.endpoint.JMSEndpoint] [tid: [ACTIVE].ExecuteThread: '169' for queue: 'weblogic.kernel.Default (self-tuning)'] [userId: 3660386091700] [ecid: 005qqZh19zAE8T0pzwl3iW0007zx000yLn,0:1:36:1] [APP: obdx.app.rest.idm] [partition-name: DOMAIN] [tenant-name: GLOBAL] [SRC_CLASS: com.ofss.digx.extxface.impl.endpoint.JMSEndpoint] [SRC_METHOD: processRequest]  [< 411-7917-5695-8161-4977 >] 	_Entered in processRequest method of JMSEndpoint :_InterfaceId = PARTY_CASA_ACCOUNTS_LIST
[2022-03-30T10:36:24.717+05:00] [OBDXManagedServer1] [TRACE] [] [000.com.ofss.digx.extxface.impl.endpoint.JMSEndpoint] [tid: [ACTIVE].ExecuteThread: '169' for queue: 'weblogic.kernel.Default (self-tuning)'] [userId: 3660386091700] [ecid: 005qqZh19zAE8T0pzwl3iW0007zx000yLn,0:1:36:1] [APP: obdx.app.rest.idm] [partition-name: DOMAIN] [tenant-name: GLOBAL] [SRC_CLASS: com.ofss.digx.extxface.impl.endpoint.JMSEndpoint] [SRC_METHOD: sendMessage]  [< 411-7917-5695-8161-4977 >] 	_Initialized JMSUtility configuration=[FCRJJMSUtility], Queue Connection Factory Name[ExtSystemSenderESBQCF], Queue Name[ExtSystemSenderESBQueue]
[2022-03-30T10:36:24.717+05:00] [OBDXManagedServer1] [TRACE] [] [000.com.ofss.digx.extxface.impl.endpoint.JMSEndpoint] [tid: [ACTIVE].ExecuteThread: '169' for queue: 'weblogic.kernel.Default (self-tuning)'] [userId: 3660386091700] [ecid: 005qqZh19zAE8T0pzwl3iW0007zx000yLn,0:1:36:1] [APP: obdx.app.rest.idm] [partition-name: DOMAIN] [tenant-name: GLOBAL] [SRC_CLASS: com.ofss.digx.extxface.impl.endpoint.JMSEndpoint] [SRC_METHOD: sendMessage] [[
Sending request to jms queue.
Request:
<?xml version="1.0" encoding="UTF-8"?>
<PartyToDemandDepositAccountRelationRequest>
   <referenceNo>PI1741476256619595</referenceNo>
   <interfaceId>PARTY_CASA_ACCOUNTS_LIST</interfaceId>
   <entity>OBDX_BU</entity>
   <headersMap/>
   <queryMap/>
   <partyId>36603-8609170-0</partyId>
   <accountType>CSA</accountType>
</PartyToDemandDepositAccountRelationRequest>
]]
[2022-03-30T10:36:24.720+05:00] [OBDXManagedServer1] [TRACE] [] [000.com.ofss.digx.extxface.impl.endpoint.JMSEndpoint] [tid: [ACTIVE].ExecuteThread: '169' for queue: 'weblogic.kernel.Default (self-tuning)'] [userId: 3660386091700] [ecid: 005qqZh19zAE8T0pzwl3iW0007zx000yLn,0:1:36:1] [APP: obdx.app.rest.idm] [partition-name: DOMAIN] [tenant-name: GLOBAL] [SRC_CLASS: com.ofss.digx.extxface.impl.endpoint.JMSEndpoint] [SRC_METHOD: processRequest] [[
Request sent on Queue successfully.
]]
[2022-03-30T10:36:24.720+05:00] [OBDXManagedServer1] [TRACE] [] [000.com.ofss.digx.extxface.impl.endpoint.JMSEndpoint] [tid: [ACTIVE].ExecuteThread: '169' for queue: 'weblogic.kernel.Default (self-tuning)'] [userId: 3660386091700] [ecid: 005qqZh19zAE8T0pzwl3iW0007zx000yLn,0:1:36:1] [APP: obdx.app.rest.idm] [partition-name: DOMAIN] [tenant-name: GLOBAL] [SRC_CLASS: com.ofss.digx.extxface.impl.endpoint.JMSEndpoint] [SRC_METHOD: recieveMessage]  [< 411-7917-5695-8161-4977 >] 	_Initialized JMSUtility configuration=[FCRJJMSUtility], Queue Connection Factory Name[ExtSystemReceiverQCF], Queue Name[ExtSystemReceiverQueue]
[2022-03-30T10:36:24.723+05:00] [OBDXManagedServer1] [TRACE] [] [000.com.ofss.digx.extxface.impl.endpoint.JMSEndpoint] [tid: [ACTIVE].ExecuteThread: '107' for queue: 'weblogic.kernel.Default (self-tuning)'] [userId: Shaista07] [ecid: 005qqZh51RDE8T0pzwl3iW000D6l000z5P,0:1] [APP: obdx.app.rest.idm] [partition-name: DOMAIN] [tenant-name: GLOBAL] [SRC_CLASS: com.ofss.digx.extxface.impl.endpoint.JMSEndpoint] [SRC_METHOD: processRequest] [[
Response recieved from jms queue.
Response:
<EBillerListResponse><referenceNo>BO1741477181966769</referenceNo><result><status>SUCCESS</status></result><billerList><id>300</id><determinantValue></determinantValue><name>1BILL INVOICE</name><currency>PKR</currency><creditAccount></creditAccount><status>ACTIVE</status><type>PRESENTMENT_PAYMENT</type><validationType></validationType><address><city>Lahore</city><country>Pakistan</country><line1>address1</line1><line2>address2</line2><line3>address3</line3><state>Punjab</state><zipCode>54200</zipCode></address><specifications><datatype>NUMERIC</datatype><id>0000001</id><label>Invoice No</label><priority>1</priority><required>true</required><maxLength>1-24</maxLength></specifications><paymentMethodsList><id>1</id><payLimit><maxTransaction><amount>10000000</amount><currency>PKR</currency></maxTransaction><minTransaction><amount>1</amount><currency>PKR</currency></minTransaction></payLimit><paymentType>CREDITCARD</paymentType></paymentMethodsList><paymentMethodsList><id>1</id><payLimit><maxTransaction><amount>10000000</amount><currency>PKR</currency></maxTransaction><minTransaction><amount>1</amount><currency>PKR</currency></minTransaction></payLimit><paymentType>CASA</paymentType></paymentMethodsList><paymentOptions><excessPayment>false</excessPayment><latePayment>true</latePayment><partPayment>false</partPayment><quickBillPayment>false</quickBillPayment><quickRecharge>false</quickRecharge><autopay>false</autopay><autoPayBufferDays>0</autoPayBufferDays></paymentOptions><logo><displayValue>LOGO</displayValue><value></value></logo><sampleBill><displayValue>Sample Bill</displayValue><value></value></sampleBill><areaCategoryDetails><billerId>300</billerId><categoryId>14</categoryId><determinantValue>OBDX</determinantValue><operationAreaId>101</operationAreaId><categoryName>1 Bill</categoryName><operationalAreaName>1BILL INVOICE</operationalAreaName></areaCategoryDetails></billerList><billerList><id>299</id><determinantValue></determinantValue><name>1BILL TOPUP</name><currency>PKR</currency><creditAccount></creditAccount><status>ACTIVE</status><type>QUICK_RECHARGE</type><validationType></validationType><address><city>Lahore</city><country>Pakistan</country><line1>address1</line1><line2>address2</line2><line3>address3</line3><state>Punjab</state><zipCode>54200</zipCode></address><specifications><datatype>NUMERIC</datatype><id>0000001</id><label>Voucher Number</label><priority>1</priority><required>true</required><maxLength>1-24</maxLength></specifications><paymentMethodsList><id>1</id><payLimit><maxTransaction><amount>10000000</amount><currency>PKR</currency></maxTransaction><minTransaction><amount>1</amount><currency>PKR</currency></minTransaction></payLimit><paymentType>CREDITCARD</paymentType></paymentMethodsList><paymentMethodsList><id>1</id><payLimit><maxTransaction><amount>10000000</amount><currency>PKR</currency></maxTransaction><minTransaction><amount>1</amount><currency>PKR</currency></minTransaction></payLimit><paymentType>CASA</paymentType></paymentMethodsList><paymentOptions><excessPayment>false</excessPayment><latePayment>true</latePayment><partPayment>true</partPayment><quickBillPayment>false</quickBillPayment><quickRecharge>false</quickRecharge><autopay>false</autopay><autoPayBufferDays>0</autoPayBufferDays></paymentOptions><logo><displayValue>LOGO</displayValue><value></value></logo><sampleBill><displayValue>Sample Bill</displayValue><value></value></sampleBill><areaCategoryDetails><billerId>299</billerId><categoryId>14</categoryId><determinantValue>OBDX</determinantValue><operationAreaId>101</operationAreaId><categoryName>1 Bill</categoryName><operationalAreaName>1BILL TOPUP</operationalAreaName></areaCategoryDetails></billerList><billerList><id>200</id><determinantValue></determinantValue><name>1Bill Other Bank Credit Card</name><currency>PKR</currency><creditAccount></creditAccount><status>ACTIVE</status><type>PRESENTMENT_PAYMENT</type><validationType></validationType><address><city>Lahore</city><country>Pakistan</country><line1>address1</line1><line2>address2</line2><line3>address3</line3><state>Punjab</state><zipCode>54200</zipCode></address><specifications><datatype>NUMERIC</datatype><id>0000001</id><label>Credit Card Number</label><priority>1</priority><required>true</required><maxLength>1-24</maxLength></specifications><paymentMethodsList><id>1</id><payLimit><maxTransaction><amount>10000000</amount><currency>PKR</currency></maxTransaction><minTransaction><amount>1</amount><currency>PKR</currency></minTransaction></payLimit><paymentType>CREDITCARD</paymentType></paymentMethodsList><paymentMethodsList><id>1</id><payLimit><maxTransaction><amount>10000000</amount><currency>PKR</currency></maxTransaction><minTransaction><amount>1</amount><currency>PKR</currency></minTransaction></payLimit><paymentType>CASA</paymentType></paymentMethodsList><paymentOptions><excessPayment>true</excessPayment><latePayment>true</latePayment><partPayment>true</partPayment><quickBillPayment>false</quickBillPayment><quickRecharge>false</quickRecharge><autopay>false</autopay><autoPayBufferDays>0</autoPayBufferDays></paymentOptions><logo><displayValue>LOGO</displayValue><value></value></logo><sampleBill><displayValue>Sample Bill</displayValue><value></value></sampleBill><areaCategoryDetails><billerId>200</billerId><categoryId>14</categoryId><determinantValue>OBDX</determinantValue><operationAreaId>101</operationAreaId><categoryName>1 Bill</categoryName><operationalAreaName>1Bill Other Bank Credit Card</operationalAreaName></areaCategoryDetails></billerList></EBillerListResponse>
]]
[2022-03-30T10:36:24.738+05:00] [OBDXManagedServer1] [TRACE] [] [000.com.ofss.digx.extxface.impl.endpoint.JMSEndpoint] [tid: [ACTIVE].ExecuteThread: '107' for queue: 'weblogic.kernel.Default (self-tuning)'] [userId: Shaista07] [ecid: 005qqZh51RDE8T0pzwl3iW000D6l000z5P,0:1] [APP: obdx.app.rest.idm] [partition-name: DOMAIN] [tenant-name: GLOBAL] [SRC_CLASS: com.ofss.digx.extxface.impl.endpoint.JMSEndpoint] [SRC_METHOD: processRequest]  [< 405-5917-5695-4020-7121 >] 	_Exiting from processRequest method of com.ofss.digx.extxface.impl.endpoint.JMSEndpoint
[2022-03-30T10:36:24.745+05:00] [OBDXManagedServer1] [TRACE] [] [000.com.ofss.digx.extxface.impl.endpoint.JMSEndpoint] [tid: [ACTIVE].ExecuteThread: '169' for queue: 'weblogic.kernel.Default (self-tuning)'] [userId: 3660386091700] [ecid: 005qqZh19zAE8T0pzwl3iW0007zx000yLn,0:1:36:1] [APP: obdx.app.rest.idm] [partition-name: DOMAIN] [tenant-name: GLOBAL] [SRC_CLASS: com.ofss.digx.extxface.impl.endpoint.JMSEndpoint] [SRC_METHOD: processRequest] [[
Response recieved from jms queue.
Response:
<AccountListResponse xmlns:datatype="http://datatype.fc.ofss.com"><referenceNo>PI1741476256619595</referenceNo><result><externalReferenceId></externalReferenceId><status>SUCCESS</status><errorList><code></code><message></message></errorList><warningList><code></code><message></message></warningList></result><hasMore>false</hasMore><startSequence>0</startSequence><accounts><branchId>0489</branchId><accountId>0440032441000651</accountId><accountType>CSA</accountType><currency>PKR</currency><status>A</status><balance><amount>-9329.90</amount><currency>PKR</currency></balance><interestType></interestType><interestRate></interestRate><openingDate><datatype:dateString>20091009121000</datatype:dateString></openingDate><relationshipType>SOW</relationshipType><accountModule>CON</accountModule></accounts><totalRecords>1</totalRecords></AccountListResponse>
]]
[2022-03-30T10:36:24.746+05:00] [OBDXManagedServer1] [TRACE] [] [000.com.ofss.digx.extxface.impl.endpoint.JMSEndpoint] [tid: [ACTIVE].ExecuteThread: '107' for queue: 'weblogic.kernel.Default (self-tuning)'] [userId: Shaista07] [ecid: 005qqZh51RDE8T0pzwl3iW000D6l000z5P,0:1] [APP: obdx.app.rest.idm] [partition-name: DOMAIN] [tenant-name: GLOBAL] [SRC_CLASS: com.ofss.digx.extxface.impl.endpoint.JMSEndpoint] [SRC_METHOD: processRequest]  [< 405-5917-5695-4020-7121 >] 	_Entered in processRequest method of JMSEndpoint :_InterfaceId = CATEGORY_LIST
[2022-03-30T10:36:24.746+05:00] [OBDXManagedServer1] [TRACE] [] [000.com.ofss.digx.extxface.impl.endpoint.JMSEndpoint] [tid: [ACTIVE].ExecuteThread: '107' for queue: 'weblogic.kernel.Default (self-tuning)'] [userId: Shaista07] [ecid: 005qqZh51RDE8T0pzwl3iW000D6l000z5P,0:1] [APP: obdx.app.rest.idm] [partition-name: DOMAIN] [tenant-name: GLOBAL] [SRC_CLASS: com.ofss.digx.extxface.impl.endpoint.JMSEndpoint] [SRC_METHOD: sendMessage]  [< 405-5917-5695-4020-7121 >] 	_Initialized JMSUtility configuration=[FCRJJMSUtility], Queue Connection Factory Name[ExtSystemSenderESBQCF], Queue Name[ExtSystemSenderESBQueue]
[2022-03-30T10:36:24.746+05:00] [OBDXManagedServer1] [TRACE] [] [000.com.ofss.digx.extxface.impl.endpoint.JMSEndpoint] [tid: [ACTIVE].ExecuteThread: '107' for queue: 'weblogic.kernel.Default (self-tuning)'] [userId: Shaista07] [ecid: 005qqZh51RDE8T0pzwl3iW000D6l000z5P,0:1] [APP: obdx.app.rest.idm] [partition-name: DOMAIN] [tenant-name: GLOBAL] [SRC_CLASS: com.ofss.digx.extxface.impl.endpoint.JMSEndpoint] [SRC_METHOD: sendMessage] [[
Sending request to jms queue.
Request:
<?xml version="1.0" encoding="UTF-8"?>
<CategoryListRequest>
   <referenceNo>BO174147795421036</referenceNo>
   <interfaceId>CATEGORY_LIST</interfaceId>
   <entity>OBDX_BU</entity>
   <headersMap/>
   <queryMap/>
   <priority>0</priority>
</CategoryListRequest>
]]
[2022-03-30T10:36:24.749+05:00] [OBDXManagedServer1] [TRACE] [] [000.com.ofss.digx.extxface.impl.endpoint.JMSEndpoint] [tid: [ACTIVE].ExecuteThread: '107' for queue: 'weblogic.kernel.Default (self-tuning)'] [userId: Shaista07] [ecid: 005qqZh51RDE8T0pzwl3iW000D6l000z5P,0:1] [APP: obdx.app.rest.idm] [partition-name: DOMAIN] [tenant-name: GLOBAL] [SRC_CLASS: com.ofss.digx.extxface.impl.endpoint.JMSEndpoint] [SRC_METHOD: processRequest] [[
Request sent on Queue successfully.
]]
[2022-03-30T10:36:24.749+05:00] [OBDXManagedServer1] [TRACE] [] [000.com.ofss.digx.extxface.impl.endpoint.JMSEndpoint] [tid: [ACTIVE].ExecuteThread: '107' for queue: 'weblogic.kernel.Default (self-tuning)'] [userId: Shaista07] [ecid: 005qqZh51RDE8T0pzwl3iW000D6l000z5P,0:1] [APP: obdx.app.rest.idm] [partition-name: DOMAIN] [tenant-name: GLOBAL] [SRC_CLASS: com.ofss.digx.extxface.impl.endpoint.JMSEndpoint] [SRC_METHOD: recieveMessage]  [< 405-5917-5695-4020-7121 >] 	_Initialized JMSUtility configuration=[FCRJJMSUtility], Queue Connection Factory Name[ExtSystemReceiverQCF], Queue Name[ExtSystemReceiverQueue]
[2022-03-30T10:36:24.753+05:00] [OBDXManagedServer1] [TRACE] [] [000.com.ofss.digx.extxface.impl.endpoint.JMSEndpoint] [tid: [ACTIVE].ExecuteThread: '169' for queue: 'weblogic.kernel.Default (self-tuning)'] [userId: 3660386091700] [ecid: 005qqZh19zAE8T0pzwl3iW0007zx000yLn,0:1:36:1] [APP: obdx.app.rest.idm] [partition-name: DOMAIN] [tenant-name: GLOBAL] [SRC_CLASS: com.ofss.digx.extxface.impl.endpoint.JMSEndpoint] [SRC_METHOD: processRequest]  [< 411-7917-5695-8161-4977 >] 	_Exiting from processRequest method of com.ofss.digx.extxface.impl.endpoint.JMSEndpoint
[2022-03-30T10:36:24.766+05:00] [OBDXManagedServer1] [TRACE] [] [000.com.ofss.digx.extxface.impl.endpoint.JMSEndpoint] [tid: [ACTIVE].ExecuteThread: '169' for queue: 'weblogic.kernel.Default (self-tuning)'] [userId: 3660386091700] [ecid: 005qqZh19zAE8T0pzwl3iW0007zx000yLn,0:1:36:1] [APP: obdx.app.rest.idm] [partition-name: DOMAIN] [tenant-name: GLOBAL] [SRC_CLASS: com.ofss.digx.extxface.impl.endpoint.JMSEndpoint] [SRC_METHOD: processRequest]  [< 411-7917-5695-8161-4977 >] 	_Entered in processRequest method of JMSEndpoint :_InterfaceId = CASA_LIST
[2022-03-30T10:36:24.766+05:00] [OBDXManagedServer1] [TRACE] [] [000.com.ofss.digx.extxface.impl.endpoint.JMSEndpoint] [tid: [ACTIVE].ExecuteThread: '169' for queue: 'weblogic.kernel.Default (self-tuning)'] [userId: 3660386091700] [ecid: 005qqZh19zAE8T0pzwl3iW0007zx000yLn,0:1:36:1] [APP: obdx.app.rest.idm] [partition-name: DOMAIN] [tenant-name: GLOBAL] [SRC_CLASS: com.ofss.digx.extxface.impl.endpoint.JMSEndpoint] [SRC_METHOD: sendMessage]  [< 411-7917-5695-8161-4977 >] 	_Initialized JMSUtility configuration=[FCRJJMSUtility], Queue Connection Factory Name[ExtSystemSenderESBQCF], Queue Name[ExtSystemSenderESBQueue]
[2022-03-30T10:36:24.766+05:00] [OBDXManagedServer1] [TRACE] [] [000.com.ofss.digx.extxface.impl.endpoint.JMSEndpoint] [tid: [ACTIVE].ExecuteThread: '169' for queue: 'weblogic.kernel.Default (self-tuning)'] [userId: 3660386091700] [ecid: 005qqZh19zAE8T0pzwl3iW0007zx000yLn,0:1:36:1] [APP: obdx.app.rest.idm] [partition-name: DOMAIN] [tenant-name: GLOBAL] [SRC_CLASS: com.ofss.digx.extxface.impl.endpoint.JMSEndpoint] [SRC_METHOD: sendMessage] [[
Sending request to jms queue.
Request:
<?xml version="1.0" encoding="UTF-8"?>
<DemandDepositAccountListRequest>
   <referenceNo>CH174147645652937</referenceNo>
   <interfaceId>CASA_LIST</interfaceId>
   <entity>OBDX_BU</entity>
   <headersMap/>
   <queryMap/>
   <accountList>0440032441000651</accountList>
   <status>ACTIVE</status>
   <module>CON</module>
</DemandDepositAccountListRequest>
]]
[2022-03-30T10:36:24.766+05:00] [OBDXManagedServer1] [TRACE] [] [000.com.ofss.digx.extxface.impl.endpoint.JMSEndpoint] [tid: [ACTIVE].ExecuteThread: '86' for queue: 'weblogic.kernel.Default (self-tuning)'] [userId: malikfaisal] [ecid: 005qqZh6GAhE8T0pzwl3iW000D6l000z5a,0:1] [APP: obdx.app.rest.idm] [partition-name: DOMAIN] [tenant-name: GLOBAL] [SRC_CLASS: com.ofss.digx.extxface.impl.endpoint.JMSEndpoint] [SRC_METHOD: processRequest]  [< 403-5917-5696-5137-8199 >] 	_Entered in processRequest method of JMSEndpoint :_InterfaceId = PARTY_CASA_ACCOUNTS_LIST
[2022-03-30T10:36:24.766+05:00] [OBDXManagedServer1] [TRACE] [] [000.com.ofss.digx.extxface.impl.endpoint.JMSEndpoint] [tid: [ACTIVE].ExecuteThread: '86' for queue: 'weblogic.kernel.Default (self-tuning)'] [userId: malikfaisal] [ecid: 005qqZh6GAhE8T0pzwl3iW000D6l000z5a,0:1] [APP: obdx.app.rest.idm] [partition-name: DOMAIN] [tenant-name: GLOBAL] [SRC_CLASS: com.ofss.digx.extxface.impl.endpoint.JMSEndpoint] [SRC_METHOD: sendMessage]  [< 403-5917-5696-5137-8199 >] 	_Initialized JMSUtility configuration=[FCRJJMSUtility], Queue Connection Factory Name[ExtSystemSenderESBQCF], Queue Name[ExtSystemSenderESBQueue]
[2022-03-30T10:36:24.766+05:00] [OBDXManagedServer1] [TRACE] [] [000.com.ofss.digx.extxface.impl.endpoint.JMSEndpoint] [tid: [ACTIVE].ExecuteThread: '86' for queue: 'weblogic.kernel.Default (self-tuning)'] [userId: malikfaisal] [ecid: 005qqZh6GAhE8T0pzwl3iW000D6l000z5a,0:1] [APP: obdx.app.rest.idm] [partition-name: DOMAIN] [tenant-name: GLOBAL] [SRC_CLASS: com.ofss.digx.extxface.impl.endpoint.JMSEndpoint] [SRC_METHOD: sendMessage] [[
Sending request to jms queue.
Request:
<?xml version="1.0" encoding="UTF-8"?>
<PartyToDemandDepositAccountRelationRequest>
   <referenceNo>PI1741476168518668</referenceNo>
   <interfaceId>PARTY_CASA_ACCOUNTS_LIST</interfaceId>
   <entity>OBDX_BU</entity>
   <headersMap/>
   <queryMap/>
   <partyId>35202-0814685-9</partyId>
   <accountType>CSA</accountType>
</PartyToDemandDepositAccountRelationRequest>
]]
[2022-03-30T10:36:24.768+05:00] [OBDXManagedServer1] [TRACE] [] [000.com.ofss.digx.extxface.impl.endpoint.JMSEndpoint] [tid: [ACTIVE].ExecuteThread: '169' for queue: 'weblogic.kernel.Default (self-tuning)'] [userId: 3660386091700] [ecid: 005qqZh19zAE8T0pzwl3iW0007zx000yLn,0:1:36:1] [APP: obdx.app.rest.idm] [partition-name: DOMAIN] [tenant-name: GLOBAL] [SRC_CLASS: com.ofss.digx.extxface.impl.endpoint.JMSEndpoint] [SRC_METHOD: processRequest] [[
Request sent on Queue successfully.
]]
[2022-03-30T10:36:24.768+05:00] [OBDXManagedServer1] [TRACE] [] [000.com.ofss.digx.extxface.impl.endpoint.JMSEndpoint] [tid: [ACTIVE].ExecuteThread: '169' for queue: 'weblogic.kernel.Default (self-tuning)'] [userId: 3660386091700] [ecid: 005qqZh19zAE8T0pzwl3iW0007zx000yLn,0:1:36:1] [APP: obdx.app.rest.idm] [partition-name: DOMAIN] [tenant-name: GLOBAL] [SRC_CLASS: com.ofss.digx.extxface.impl.endpoint.JMSEndpoint] [SRC_METHOD: recieveMessage]  [< 411-7917-5695-8161-4977 >] 	_Initialized JMSUtility configuration=[FCRJJMSUtility], Queue Connection Factory Name[ExtSystemReceiverQCF], Queue Name[ExtSystemReceiverQueue]
[2022-03-30T10:36:24.769+05:00] [OBDXManagedServer1] [TRACE] [] [000.com.ofss.digx.extxface.impl.endpoint.JMSEndpoint] [tid: [ACTIVE].ExecuteThread: '86' for queue: 'weblogic.kernel.Default (self-tuning)'] [userId: malikfaisal] [ecid: 005qqZh6GAhE8T0pzwl3iW000D6l000z5a,0:1] [APP: obdx.app.rest.idm] [partition-name: DOMAIN] [tenant-name: GLOBAL] [SRC_CLASS: com.ofss.digx.extxface.impl.endpoint.JMSEndpoint] [SRC_METHOD: processRequest] [[
Request sent on Queue successfully.
]]
[2022-03-30T10:36:24.769+05:00] [OBDXManagedServer1] [TRACE] [] [000.com.ofss.digx.extxface.impl.endpoint.JMSEndpoint] [tid: [ACTIVE].ExecuteThread: '86' for queue: 'weblogic.kernel.Default (self-tuning)'] [userId: malikfaisal] [ecid: 005qqZh6GAhE8T0pzwl3iW000D6l000z5a,0:1] [APP: obdx.app.rest.idm] [partition-name: DOMAIN] [tenant-name: GLOBAL] [SRC_CLASS: com.ofss.digx.extxface.impl.endpoint.JMSEndpoint] [SRC_METHOD: recieveMessage]  [< 403-5917-5696-5137-8199 >] 	_Initialized JMSUtility configuration=[FCRJJMSUtility], Queue Connection Factory Name[ExtSystemReceiverQCF], Queue Name[ExtSystemReceiverQueue]
[2022-03-30T10:36:24.772+05:00] [OBDXManagedServer1] [TRACE] [] [000.com.ofss.digx.extxface.impl.endpoint.JMSEndpoint] [tid: [ACTIVE].ExecuteThread: '117' for queue: 'weblogic.kernel.Default (self-tuning)'] [userId: malikfaisal] [ecid: 005qqZh6Ek7E8T0pzwl3iW000D6l000z5^,0:1] [APP: obdx.app.rest.idm] [partition-name: DOMAIN] [tenant-name: GLOBAL] [SRC_CLASS: com.ofss.digx.extxface.impl.endpoint.JMSEndpoint] [SRC_METHOD: processRequest]  [< 406-5917-5696-4525-3339 >] 	_Entered in processRequest method of JMSEndpoint :_InterfaceId = PARTY_CARD_ACCOUNTS_LIST
[2022-03-30T10:36:24.772+05:00] [OBDXManagedServer1] [TRACE] [] [000.com.ofss.digx.extxface.impl.endpoint.JMSEndpoint] [tid: [ACTIVE].ExecuteThread: '117' for queue: 'weblogic.kernel.Default (self-tuning)'] [userId: malikfaisal] [ecid: 005qqZh6Ek7E8T0pzwl3iW000D6l000z5^,0:1] [APP: obdx.app.rest.idm] [partition-name: DOMAIN] [tenant-name: GLOBAL] [SRC_CLASS: com.ofss.digx.extxface.impl.endpoint.JMSEndpoint] [SRC_METHOD: sendMessage]  [< 406-5917-5696-4525-3339 >] 	_Initialized JMSUtility configuration=[FCRJJMSUtility], Queue Connection Factory Name[ExtSystemSenderESBQCF], Queue Name[ExtSystemSenderESBQueue]
[2022-03-30T10:36:24.772+05:00] [OBDXManagedServer1] [TRACE] [] [000.com.ofss.digx.extxface.impl.endpoint.JMSEndpoint] [tid: [ACTIVE].ExecuteThread: '117' for queue: 'weblogic.kernel.Default (self-tuning)'] [userId: malikfaisal] [ecid: 005qqZh6Ek7E8T0pzwl3iW000D6l000z5^,0:1] [APP: obdx.app.rest.idm] [partition-name: DOMAIN] [tenant-name: GLOBAL] [SRC_CLASS: com.ofss.digx.extxface.impl.endpoint.JMSEndpoint] [SRC_METHOD: sendMessage] [[
Sending request to jms queue.
Request:
<?xml version="1.0" encoding="UTF-8"?>
<PartyToCardAccountRelationRequest>
   <referenceNo>PI174147756444666</referenceNo>
   <interfaceId>PARTY_CARD_ACCOUNTS_LIST</interfaceId>
   <entity>OBDX_BU</entity>
   <headersMap/>
   <queryMap/>
   <partyId>35202-0814685-9</partyId>
   <accountType>CCA</accountType>
</PartyToCardAccountRelationRequest>
]]
[2022-03-30T10:36:24.773+05:00] [OBDXManagedServer1] [TRACE] [] [000.com.ofss.digx.extxface.impl.endpoint.JMSEndpoint] [tid: [ACTIVE].ExecuteThread: '107' for queue: 'weblogic.kernel.Default (self-tuning)'] [userId: Shaista07] [ecid: 005qqZh51RDE8T0pzwl3iW000D6l000z5P,0:1] [APP: obdx.app.rest.idm] [partition-name: DOMAIN] [tenant-name: GLOBAL] [SRC_CLASS: com.ofss.digx.extxface.impl.endpoint.JMSEndpoint] [SRC_METHOD: processRequest] [[
Response recieved from jms queue.
Response:
<CategoryListResponse><referenceNo>BO174147795421036</referenceNo><result><externalReferenceId></externalReferenceId><status>SUCCESS</status><errorList><code></code><message></message></errorList><warningList><code></code><message></message></warningList></result><hasMore>false</hasMore><startSequence>0</startSequence><categoryList><billerCount>1</billerCount><determinantValue></determinantValue><id>14</id><logo><displayValue></displayValue><value></value></logo><name>1 Bill</name><operationAreaId>101</operationAreaId><priority></priority><priorityUpdateFlag></priorityUpdateFlag></categoryList><categoryList><billerCount>2</billerCount><determinantValue></determinantValue><id>3</id><logo><displayValue></displayValue><value></value></logo><name>Education Fee</name><operationAreaId>101</operationAreaId><priority></priority><priorityUpdateFlag></priorityUpdateFlag></categoryList><categoryList><billerCount>3</billerCount><determinantValue></determinantValue><id>17</id><logo><displayValue></displayValue><value></value></logo><name>Fertilizer</name><operationAreaId>101</operationAreaId><priority></priority><priorityUpdateFlag></priorityUpdateFlag></categoryList><categoryList><billerCount>4</billerCount><determinantValue></determinantValue><id>8</id><logo><displayValue></displayValue><value></value></logo><name>Govt. Payments</name><operationAreaId>101</operationAreaId><priority></priority><priorityUpdateFlag></priorityUpdateFlag></categoryList><categoryList><billerCount>5</billerCount><determinantValue></determinantValue><id>20</id><logo><displayValue></displayValue><value></value></logo><name>Haball</name><operationAreaId>101</operationAreaId><priority></priority><priorityUpdateFlag></priorityUpdateFlag></categoryList><categoryList><billerCount>6</billerCount><determinantValue></determinantValue><id>21</id><logo><displayValue></displayValue><value></value></logo><name>Internet Bills</name><operationAreaId>101</operationAreaId><priority></priority><priorityUpdateFlag></priorityUpdateFlag></categoryList><categoryList><billerCount>7</billerCount><determinantValue></determinantValue><id>6</id><logo><displayValue></displayValue><value></value></logo><name>Investment</name><operationAreaId>101</operationAreaId><priority></priority><priorityUpdateFlag></priorityUpdateFlag></categoryList><categoryList><billerCount>8</billerCount><determinantValue></determinantValue><id>18</id><logo><displayValue></displayValue><value></value></logo><name>Kuickpay</name><operationAreaId>101</operationAreaId><priority></priority><priorityUpdateFlag></priorityUpdateFlag></categoryList><categoryList><billerCount>9</billerCount><determinantValue></determinantValue><id>22</id><logo><displayValue></displayValue><value></value></logo><name>Loan Payment</name><operationAreaId>101</operationAreaId><priority></priority><priorityUpdateFlag></priorityUpdateFlag></categoryList><categoryList><billerCount>10</billerCount><determinantValue></determinantValue><id>2</id><logo><displayValue></displayValue><value></value></logo><name>Online Payments</name><operationAreaId>101</operationAreaId><priority></priority><priorityUpdateFlag></priorityUpdateFlag></categoryList><categoryList><billerCount>11</billerCount><determinantValue></determinantValue><id>23</id><logo><displayValue></displayValue><value></value></logo><name>Others</name><operationAreaId>101</operationAreaId><priority></priority><priorityUpdateFlag></priorityUpdateFlag></categoryList><categoryList><billerCount>12</billerCount><determinantValue></determinantValue><id>19</id><logo><displayValue></displayValue><value></value></logo><name>PayPro</name><operationAreaId>101</operationAreaId><priority></priority><priorityUpdateFlag></priorityUpdateFlag></categoryList><categoryList><billerCount>13</billerCount><determinantValue></determinantValue><id>10</id><logo><displayValue></displayValue><value></value></logo><name>Property Payments</name><operationAreaId>101</operationAreaId><priority></priority><priorityUpdateFlag></priorityUpdateFlag></categoryList><categoryList><billerCount>14</billerCount><determinantValue></determinantValue><id>7</id><logo><displayValue></displayValue><value></value></logo><name>Telco</name><operationAreaId>101</operationAreaId><priority></priority><priorityUpdateFlag></priorityUpdateFlag></categoryList><categoryList><billerCount>15</billerCount><determinantValue></determinantValue><id>13</id><logo><displayValue></displayValue><value></value></logo><name>Utility</name><operationAreaId>101</operationAreaId><priority></priority><priorityUpdateFlag></priorityUpdateFlag></categoryList><totalRecords>15</totalRecords></CategoryListResponse>
]]
[2022-03-30T10:36:24.774+05:00] [OBDXManagedServer1] [TRACE] [] [000.com.ofss.digx.extxface.impl.endpoint.JMSEndpoint] [tid: [ACTIVE].ExecuteThread: '117' for queue: 'weblogic.kernel.Default (self-tuning)'] [userId: malikfaisal] [ecid: 005qqZh6Ek7E8T0pzwl3iW000D6l000z5^,0:1] [APP: obdx.app.rest.idm] [partition-name: DOMAIN] [tenant-name: GLOBAL] [SRC_CLASS: com.ofss.digx.extxface.impl.endpoint.JMSEndpoint] [SRC_METHOD: processRequest] [[
Request sent on Queue successfully.
]]
[2022-03-30T10:36:24.774+05:00] [OBDXManagedServer1] [TRACE] [] [000.com.ofss.digx.extxface.impl.endpoint.JMSEndpoint] [tid: [ACTIVE].ExecuteThread: '117' for queue: 'weblogic.kernel.Default (self-tuning)'] [userId: malikfaisal] [ecid: 005qqZh6Ek7E8T0pzwl3iW000D6l000z5^,0:1] [APP: obdx.app.rest.idm] [partition-name: DOMAIN] [tenant-name: GLOBAL] [SRC_CLASS: com.ofss.digx.extxface.impl.endpoint.JMSEndpoint] [SRC_METHOD: recieveMessage]  [< 406-5917-5696-4525-3339 >] 	_Initialized JMSUtility configuration=[FCRJJMSUtility], Queue Connection Factory Name[ExtSystemReceiverQCF], Queue Name[ExtSystemReceiverQueue]
[2022-03-30T10:36:24.780+05:00] [OBDXManagedServer1] [TRACE] [] [000.com.ofss.digx.extxface.impl.endpoint.JMSEndpoint] [tid: [ACTIVE].ExecuteThread: '107' for queue: 'weblogic.kernel.Default (self-tuning)'] [userId: Shaista07] [ecid: 005qqZh51RDE8T0pzwl3iW000D6l000z5P,0:1] [APP: obdx.app.rest.idm] [partition-name: DOMAIN] [tenant-name: GLOBAL] [SRC_CLASS: com.ofss.digx.extxface.impl.endpoint.JMSEndpoint] [SRC_METHOD: processRequest]  [< 405-5917-5695-4020-7121 >] 	_Exiting from processRequest method of com.ofss.digx.extxface.impl.endpoint.JMSEndpoint
[2022-03-30T10:36:24.793+05:00] [OBDXManagedServer1] [TRACE] [] [000.com.ofss.digx.extxface.impl.endpoint.JMSEndpoint] [tid: [ACTIVE].ExecuteThread: '86' for queue: 'weblogic.kernel.Default (self-tuning)'] [userId: malikfaisal] [ecid: 005qqZh6GAhE8T0pzwl3iW000D6l000z5a,0:1] [APP: obdx.app.rest.idm] [partition-name: DOMAIN] [tenant-name: GLOBAL] [SRC_CLASS: com.ofss.digx.extxface.impl.endpoint.JMSEndpoint] [SRC_METHOD: processRequest] [[
Response recieved from jms queue.
Response:
<AccountListResponse xmlns:datatype="http://datatype.fc.ofss.com"><referenceNo>PI1741476168518668</referenceNo><result><externalReferenceId></externalReferenceId><status>SUCCESS</status><errorList><code></code><message></message></errorList><warningList><code></code><message></message></warningList></result><hasMore>false</hasMore><startSequence>0</startSequence><accounts><branchId>0183</branchId><accountId>0012192601007617</accountId><accountType>CSA</accountType><currency>PKR</currency><status>A</status><balance><amount>-28006.61</amount><currency>PKR</currency></balance><interestType></interestType><interestRate></interestRate><openingDate><datatype:dateString>20140703120700</datatype:dateString></openingDate><relationshipType>SOW</relationshipType><accountModule>CON</accountModule></accounts><totalRecords>1</totalRecords></AccountListResponse>
]]
[2022-03-30T10:36:24.802+05:00] [OBDXManagedServer1] [TRACE] [] [000.com.ofss.digx.extxface.impl.endpoint.JMSEndpoint] [tid: [ACTIVE].ExecuteThread: '86' for queue: 'weblogic.kernel.Default (self-tuning)'] [userId: malikfaisal] [ecid: 005qqZh6GAhE8T0pzwl3iW000D6l000z5a,0:1] [APP: obdx.app.rest.idm] [partition-name: DOMAIN] [tenant-name: GLOBAL] [SRC_CLASS: com.ofss.digx.extxface.impl.endpoint.JMSEndpoint] [SRC_METHOD: processRequest]  [< 403-5917-5696-5137-8199 >] 	_Exiting from processRequest method of com.ofss.digx.extxface.impl.endpoint.JMSEndpoint
[2022-03-30T10:36:24.802+05:00] [OBDXManagedServer1] [TRACE] [] [000.com.ofss.digx.extxface.impl.endpoint.JMSEndpoint] [tid: [ACTIVE].ExecuteThread: '169' for queue: 'weblogic.kernel.Default (self-tuning)'] [userId: 3660386091700] [ecid: 005qqZh19zAE8T0pzwl3iW0007zx000yLn,0:1:36:1] [APP: obdx.app.rest.idm] [partition-name: DOMAIN] [tenant-name: GLOBAL] [SRC_CLASS: com.ofss.digx.extxface.impl.endpoint.JMSEndpoint] [SRC_METHOD: processRequest] [[
Response recieved from jms queue.
Response:
<DemandDepositAccountListResponse xmlns:datatype="http://datatype.fc.ofss.com"><referenceNo>CH174147645652937</referenceNo><result><externalReferenceId></externalReferenceId><status>SUCCESS</status><errorList><code></code><message></message></errorList><warningList><code></code><message></message></warningList></result><hasMore>false</hasMore><startSequence>0</startSequence><accounts><partyId>36603-8609170-0</partyId><branchId>0489</branchId><accountId>0440032441000651</accountId><currency>PKR</currency><status>ACTIVE</status><availableBalance><amount>9329.90</amount><currency>PKR</currency></availableBalance><currentBalance><amount>9329.90</amount><currency>PKR</currency></currentBalance><unclearFund><amount>0.00</amount><currency>PKR</currency></unclearFund><shadowClearing><amount>0.00</amount><currency>PKR</currency></shadowClearing><interestType></interestType><interestRate></interestRate><openingDate><datatype:dateString>20091009121000</datatype:dateString></openingDate><module>CON</module><accountDisplayName>ASIMA MAJEED</accountDisplayName><productId>CUR</productId><accountType>CURRENT</accountType><holdingPattern>SINGLE</holdingPattern><isNomineeRegistered>false</isNomineeRegistered><hasSweepOutInstruction>false</hasSweepOutInstruction><sweepInAmount><amount>0</amount><currency>PKR</currency></sweepInAmount><hasChequeBookFacility>true</hasChequeBookFacility><dictionaryArray><nameValuePairArray><genericName>com.ofss.digx.cz.domain.dda.entity.CZDemandDepositAccount.iban</genericName><name>iban</name><value>PK19MUCB0440032441000651</value></nameValuePairArray><nameValuePairArray><genericName>com.ofss.digx.cz.domain.dda.entity.CZDemandDepositAccount.debitBlock</genericName><name>debitBlock</name><value>No</value></nameValuePairArray></dictionaryArray></accounts><totalRecords>1</totalRecords></DemandDepositAccountListResponse>
]]
[2022-03-30T10:36:24.815+05:00] [OBDXManagedServer1] [TRACE] [] [000.com.ofss.digx.extxface.impl.endpoint.JMSEndpoint] [tid: [ACTIVE].ExecuteThread: '169' for queue: 'weblogic.kernel.Default (self-tuning)'] [userId: 3660386091700] [ecid: 005qqZh19zAE8T0pzwl3iW0007zx000yLn,0:1:36:1] [APP: obdx.app.rest.idm] [partition-name: DOMAIN] [tenant-name: GLOBAL] [SRC_CLASS: com.ofss.digx.extxface.impl.endpoint.JMSEndpoint] [SRC_METHOD: processRequest]  [< 411-7917-5695-8161-4977 >] 	_Exiting from processRequest method of com.ofss.digx.extxface.impl.endpoint.JMSEndpoint
[2022-03-30T10:36:24.816+05:00] [OBDXManagedServer1] [TRACE] [] [000.com.ofss.digx.extxface.impl.endpoint.JMSEndpoint] [tid: [ACTIVE].ExecuteThread: '86' for queue: 'weblogic.kernel.Default (self-tuning)'] [userId: malikfaisal] [ecid: 005qqZh6GAhE8T0pzwl3iW000D6l000z5a,0:1] [APP: obdx.app.rest.idm] [partition-name: DOMAIN] [tenant-name: GLOBAL] [SRC_CLASS: com.ofss.digx.extxface.impl.endpoint.JMSEndpoint] [SRC_METHOD: processRequest]  [< 403-5917-5696-5137-8199 >] 	_Entered in processRequest method of JMSEndpoint :_InterfaceId = CASA_LIST
[2022-03-30T10:36:24.816+05:00] [OBDXManagedServer1] [TRACE] [] [000.com.ofss.digx.extxface.impl.endpoint.JMSEndpoint] [tid: [ACTIVE].ExecuteThread: '86' for queue: 'weblogic.kernel.Default (self-tuning)'] [userId: malikfaisal] [ecid: 005qqZh6GAhE8T0pzwl3iW000D6l000z5a,0:1] [APP: obdx.app.rest.idm] [partition-name: DOMAIN] [tenant-name: GLOBAL] [SRC_CLASS: com.ofss.digx.extxface.impl.endpoint.JMSEndpoint] [SRC_METHOD: sendMessage]  [< 403-5917-5696-5137-8199 >] 	_Initialized JMSUtility configuration=[FCRJJMSUtility], Queue Connection Factory Name[ExtSystemSenderESBQCF], Queue Name[ExtSystemSenderESBQueue]
[2022-03-30T10:36:24.816+05:00] [OBDXManagedServer1] [TRACE] [] [000.com.ofss.digx.extxface.impl.endpoint.JMSEndpoint] [tid: [ACTIVE].ExecuteThread: '86' for queue: 'weblogic.kernel.Default (self-tuning)'] [userId: malikfaisal] [ecid: 005qqZh6GAhE8T0pzwl3iW000D6l000z5a,0:1] [APP: obdx.app.rest.idm] [partition-name: DOMAIN] [tenant-name: GLOBAL] [SRC_CLASS: com.ofss.digx.extxface.impl.endpoint.JMSEndpoint] [SRC_METHOD: sendMessage] [[
Sending request to jms queue.
Request:
<?xml version="1.0" encoding="UTF-8"?>
<DemandDepositAccountListRequest>
   <referenceNo>CH1741476164627563</referenceNo>
   <interfaceId>CASA_LIST</interfaceId>
   <entity>OBDX_BU</entity>
   <headersMap/>
   <queryMap/>
   <accountList>0012192601007617</accountList>
   <status>ACTIVE</status>
   <module>CON</module>
</DemandDepositAccountListRequest>
]]